/Users/nmayhall/code/UnitaryPruning/src/python/venv/lib/python3.9/site-packages/pyscf/lib/misc.py:105: UserWarning: OpenMP is not available. Setting omp_threads to 1 has no effects.
  warnings.warn('OpenMP is not available. '
 ---------------------------------------------------------
                                                          
                      Using Pyscf:
                                                          
 ---------------------------------------------------------
                                                          
converged SCF energy = -15.2020075462055

System and Method:
[('Be', (0, 0, 0)), ('H', (0, 0, -2.39)), ('H', (0, 0, 2.39))]
Basis set                                      :      sto-3g
Number of Orbitals                             :         7
Number of electrons                            :         6
Nuclear Repulsion                              :    1.8820110012 
Electronic SCF energy                          :  -17.0840185474 
SCF Energy                                     :  -15.2020075462
 AO->MO
 NElectrons:    3    3
 ecore:   0.00000000
 ERIs in the active-space:
(7, 7, 7, 7)    0.01920800 Mb
 n_orb:    7
 n_a  :    3
 n_b  :    3
 HF Energy: -15.20200755
 Number of operators:  959
 Build reference state with    3 alpha and    3 beta electrons [0, 2, 4, 1, 3, 5]
 State    0: -15.36421416 au  <S2>:  -0.00000000
665
665
666
  (0, 0)	(-17.084018547385366+0j)
 Reference Energy: -17.08401855
 Generate Sparse Matrices for operators in pool
 Start ADAPT-VQE algorithm
 Now start to grow the ansatz




 --------------------------------------------------------------------------
                         ADAPT-VQE iteration:  0
 --------------------------------------------------------------------------
 Check each new operator for coupling
 Measure Operator Pool Gradients:
 Variance:      0.07576045
 Uncertainty:   0.27524616
    2  -0.00000000            (0' 3  ) : 00 00 11 11 
    7   0.00000003            (1' 3  ) : 00 00 11 11 
   14  -0.00000000            (2' 6  ) : 00 00 11 11 
   27   0.00000000      (3' 0  0' 0  ) : 0000 0000 1111 1111 
   28  -0.00000003      (3' 1  0' 0  ) : 0000 0000 1111 1111 
   44   0.00000000      (6' 2  0' 0  ) : 0000 0000 1111 1111 
   73  -0.00000003      (3' 1  1' 1  ) : 0000 0000 1111 1111 
  107   0.00000000      (6' 2  1' 1  ) : 0000 0000 1111 1111 
  187   0.00000000      (6' 2  2' 2  ) : 0000 0000 1111 1111 
  195   0.00000000      (3' 3  3' 0  ) : 0000 0000 1111 1111 
  201  -0.00000003      (3' 3  3' 1  ) : 0000 0000 1111 1111 
  254   0.01901996      (6' 2  3' 0  ) : 0000 0000 1111 1111 
  260  -0.11159099      (6' 2  3' 1  ) : 0000 0000 1111 1111 
  266   0.00000000      (6' 3  3' 2  ) : 0000 0000 1111 1111 
  336   0.00000000      (6' 4  4' 2  ) : 0000 0000 1111 1111 
  388   0.00000000      (6' 5  5' 2  ) : 0000 0000 1111 1111 
  416   0.00000000      (6' 6  6' 2  ) : 0000 0000 1111 1111 
  433   0.00000000      (0' 0  3' 0  ) : 0011 1100 0011 1100 
  434  -0.00000003      (0' 0  3' 1  ) : 0011 1100 0011 1100 
  450   0.00000000      (0' 0  6' 2  ) : 0011 1100 0011 1100 
  481   0.00000000      (1' 1  3' 0  ) : 0011 1100 0011 1100 
  482  -0.00000003      (1' 1  3' 1  ) : 0011 1100 0011 1100 
  519   0.00000000      (1' 1  6' 2  ) : 0011 1100 0011 1100 
  555   0.00000000      (2' 2  3' 0  ) : 0011 1100 0011 1100 
  556  -0.00000003      (2' 2  3' 1  ) : 0011 1100 0011 1100 
  614   0.00000000      (2' 2  6' 2  ) : 0011 1100 0011 1100 
  619  -0.08182238      (3' 0  3' 0  ) : 0011 1100 
  620   0.01968353      (3' 0  3' 1  ) : 0011 1100 0011 1100 
  626   0.01968353      (3' 1  3' 0  ) : 0011 1100 0011 1100 
  627  -0.40251409      (3' 1  3' 1  ) : 0011 1100 
  635  -0.51367357      (3' 2  3' 2  ) : 0011 1100 
  699   0.01107934      (3' 0  6' 2  ) : 0011 1100 0011 1100 
  706  -0.37856712      (3' 1  6' 2  ) : 0011 1100 0011 1100 
  711  -0.00794062      (3' 2  6' 0  ) : 0011 1100 0011 1100 
  712  -0.26697612      (3' 2  6' 1  ) : 0011 1100 0011 1100 
  725  -0.06263849      (4' 0  4' 0  ) : 0011 1100 
  726  -0.06268692      (4' 0  4' 1  ) : 0011 1100 0011 1100 
  732  -0.06268692      (4' 1  4' 0  ) : 0011 1100 0011 1100 
  733  -0.20423061      (4' 1  4' 1  ) : 0011 1100 
  741  -0.02964927      (4' 2  4' 2  ) : 0011 1100 
  827  -0.06263849      (5' 0  5' 0  ) : 0011 1100 
  828  -0.06268692      (5' 0  5' 1  ) : 0011 1100 0011 1100 
  834  -0.06268692      (5' 1  5' 0  ) : 0011 1100 0011 1100 
  835  -0.20423061      (5' 1  5' 1  ) : 0011 1100 
  843  -0.02964927      (5' 2  5' 2  ) : 0011 1100 
  910  -0.05232979      (6' 0  6' 0  ) : 0011 1100 
  911  -0.04246622      (6' 0  6' 1  ) : 0011 1100 0011 1100 
  917  -0.04246622      (6' 1  6' 0  ) : 0011 1100 0011 1100 
  918  -0.23130916      (6' 1  6' 1  ) : 0011 1100 
  926  -0.39376020      (6' 2  6' 2  ) : 0011 1100 
 Norm of <[H,A]> =   0.99225890
 Max  of <[H,A]> =  -0.51367357
 Add operator  635
 Iter:   0 Current Energy = -17.1311298909996133 Gradient Norm    3.9e-02 Gradient Max    3.9e-02
 Iter:   1 Current Energy = -17.1313736822324358 Gradient Norm    3.8e-03 Gradient Max    3.8e-03
 Iter:   2 Current Energy = -17.1313759119035964 Gradient Norm    1.4e-06 Gradient Max    1.4e-06
 Iter:   3 Current Energy = -17.1313759119039091 Gradient Norm    5.3e-12 Gradient Max    5.3e-12
 Finished:     -17.131375911904
 -----------New ansatz----------- 
    #        Coeff               Term
    0   0.17665056      (3' 2  3' 2  ) : 0011 1100 




 --------------------------------------------------------------------------
                         ADAPT-VQE iteration:  1
 --------------------------------------------------------------------------
 Check each new operator for coupling
 Measure Operator Pool Gradients:
 Variance:      0.07422215
 Uncertainty:   0.27243742
    2   0.00153245            (0' 3  ) : 00 00 11 11 
    7  -0.13530609            (1' 3  ) : 00 00 11 11 
   14   0.12604647            (2' 6  ) : 00 00 11 11 
   27  -0.00153245      (3' 0  0' 0  ) : 0000 0000 1111 1111 
   28   0.13530609      (3' 1  0' 0  ) : 0000 0000 1111 1111 
   44  -0.12604647      (6' 2  0' 0  ) : 0000 0000 1111 1111 
   73   0.13530609      (3' 1  1' 1  ) : 0000 0000 1111 1111 
  107  -0.12604647      (6' 2  1' 1  ) : 0000 0000 1111 1111 
  175   0.00255015      (6' 1  2' 0  ) : 0000 0000 1111 1111 
  177  -0.00491310      (6' 3  2' 0  ) : 0000 0000 1111 1111 
  183  -0.11205717      (6' 3  2' 1  ) : 0000 0000 1111 1111 
  187  -0.12604647      (6' 2  2' 2  ) : 0000 0000 1111 1111 
  195  -0.00153245      (3' 3  3' 0  ) : 0000 0000 1111 1111 
  201   0.13530609      (3' 3  3' 1  ) : 0000 0000 1111 1111 
  254   0.01416527      (6' 2  3' 0  ) : 0000 0000 1111 1111 
  260  -0.18489957      (6' 2  3' 1  ) : 0000 0000 1111 1111 
  266  -0.12604647      (6' 3  3' 2  ) : 0000 0000 1111 1111 
  336  -0.12604647      (6' 4  4' 2  ) : 0000 0000 1111 1111 
  388  -0.12604647      (6' 5  5' 2  ) : 0000 0000 1111 1111 
  416  -0.12604647      (6' 6  6' 2  ) : 0000 0000 1111 1111 
  433  -0.00153245      (0' 0  3' 0  ) : 0011 1100 0011 1100 
  434   0.13530609      (0' 0  3' 1  ) : 0011 1100 0011 1100 
  450  -0.12604647      (0' 0  6' 2  ) : 0011 1100 0011 1100 
  481  -0.00153245      (1' 1  3' 0  ) : 0011 1100 0011 1100 
  482   0.13530609      (1' 1  3' 1  ) : 0011 1100 0011 1100 
  519  -0.12604647      (1' 1  6' 2  ) : 0011 1100 0011 1100 
  524   0.02474454      (2' 0  2' 0  ) : 0011 1100 
  525  -0.00938154      (2' 0  2' 1  ) : 0011 1100 0011 1100 
  527  -0.00056513      (2' 0  2' 3  ) : 0011 1100 0011 1100 
  531  -0.00938154      (2' 1  2' 0  ) : 0011 1100 0011 1100 
  532   0.06850756      (2' 1  2' 1  ) : 0011 1100 
  534   0.04989737      (2' 1  2' 3  ) : 0011 1100 0011 1100 
  555  -0.00153245      (2' 2  3' 0  ) : 0011 1100 0011 1100 
  556   0.13530609      (2' 2  3' 1  ) : 0011 1100 0011 1100 
  598  -0.00337285      (2' 0  6' 0  ) : 0011 1100 0011 1100 
  599  -0.00285204      (2' 0  6' 1  ) : 0011 1100 0011 1100 
  601   0.00031069      (2' 0  6' 3  ) : 0011 1100 0011 1100 
  605  -0.00540219      (2' 1  6' 0  ) : 0011 1100 0011 1100 
  606   0.01047401      (2' 1  6' 1  ) : 0011 1100 0011 1100 
  608  -0.18024332      (2' 1  6' 3  ) : 0011 1100 0011 1100 
  614  -0.12604647      (2' 2  6' 2  ) : 0011 1100 0011 1100 
  619  -0.06709947      (3' 0  3' 0  ) : 0011 1100 
  620   0.02543980      (3' 0  3' 1  ) : 0011 1100 0011 1100 
  626   0.02543980      (3' 1  3' 0  ) : 0011 1100 0011 1100 
  627  -0.18577112      (3' 1  3' 1  ) : 0011 1100 
  639  -0.04648266      (3' 2  3' 6  ) : 0011 1100 0011 1100 
  699   0.00084248      (3' 0  6' 2  ) : 0011 1100 0011 1100 
  706  -0.48876364      (3' 1  6' 2  ) : 0011 1100 0011 1100 
  711  -0.01332279      (3' 2  6' 0  ) : 0011 1100 0011 1100 
  712  -0.30386407      (3' 2  6' 1  ) : 0011 1100 0011 1100 
  725  -0.06263849      (4' 0  4' 0  ) : 0011 1100 
  726  -0.06268692      (4' 0  4' 1  ) : 0011 1100 0011 1100 
  728  -0.00665327      (4' 0  4' 3  ) : 0011 1100 0011 1100 
  732  -0.06268692      (4' 1  4' 0  ) : 0011 1100 0011 1100 
  733  -0.20423061      (4' 1  4' 1  ) : 0011 1100 
  735  -0.02092742      (4' 1  4' 3  ) : 0011 1100 0011 1100 
  741   0.02308586      (4' 2  4' 2  ) : 0011 1100 
  746  -0.00665327      (4' 3  4' 0  ) : 0011 1100 0011 1100 
  747  -0.02092742      (4' 3  4' 1  ) : 0011 1100 0011 1100 
  749  -0.00851346      (4' 3  4' 3  ) : 0011 1100 
  827  -0.06263849      (5' 0  5' 0  ) : 0011 1100 
  828  -0.06268692      (5' 0  5' 1  ) : 0011 1100 0011 1100 
  830  -0.00665327      (5' 0  5' 3  ) : 0011 1100 0011 1100 
  834  -0.06268692      (5' 1  5' 0  ) : 0011 1100 0011 1100 
  835  -0.20423061      (5' 1  5' 1  ) : 0011 1100 
  837  -0.02092742      (5' 1  5' 3  ) : 0011 1100 0011 1100 
  843   0.02308586      (5' 2  5' 2  ) : 0011 1100 
  848  -0.00665327      (5' 3  5' 0  ) : 0011 1100 0011 1100 
  849  -0.02092742      (5' 3  5' 1  ) : 0011 1100 0011 1100 
  851  -0.00851346      (5' 3  5' 3  ) : 0011 1100 
  910  -0.05232979      (6' 0  6' 0  ) : 0011 1100 
  911  -0.04246622      (6' 0  6' 1  ) : 0011 1100 0011 1100 
  913  -0.00600875      (6' 0  6' 3  ) : 0011 1100 0011 1100 
  917  -0.04246622      (6' 1  6' 0  ) : 0011 1100 0011 1100 
  918  -0.23130916      (6' 1  6' 1  ) : 0011 1100 
  920   0.00982909      (6' 1  6' 3  ) : 0011 1100 0011 1100 
  926  -0.19650790      (6' 2  6' 2  ) : 0011 1100 
  931  -0.00600875      (6' 3  6' 0  ) : 0011 1100 0011 1100 
  932   0.00982909      (6' 3  6' 1  ) : 0011 1100 0011 1100 
  934   0.07246700      (6' 3  6' 3  ) : 0011 1100 
 Norm of <[H,A]> =   0.98919348
 Max  of <[H,A]> =  -0.48876364
 Add operator  706
 Iter:   0 Current Energy = -17.1926040709721057 Gradient Norm    1.2e-01 Gradient Max    1.2e-01
 Iter:   1 Current Energy = -17.1945431567079972 Gradient Norm    6.5e-03 Gradient Max    6.4e-03
 Iter:   2 Current Energy = -17.1945539104925409 Gradient Norm    9.4e-05 Gradient Max    8.9e-05
 Iter:   3 Current Energy = -17.1945539124982787 Gradient Norm    2.5e-07 Gradient Max    2.5e-07
 Iter:   4 Current Energy = -17.1945539124982822 Gradient Norm    1.2e-09 Gradient Max    1.2e-09
 Iter:   5 Current Energy = -17.1945539124982929 Gradient Norm    2.5e-14 Gradient Max    2.5e-14
 Finished:     -17.194553912498
 -----------New ansatz----------- 
    #        Coeff               Term
    0   0.25797568      (3' 1  6' 2  ) : 0011 1100 0011 1100 
    1   0.20917639      (3' 2  3' 2  ) : 0011 1100 




 --------------------------------------------------------------------------
                         ADAPT-VQE iteration:  2
 --------------------------------------------------------------------------
 Check each new operator for coupling
 Measure Operator Pool Gradients:
 Variance:      0.03395237
 Uncertainty:   0.18426169
    0   0.00024101            (0' 1  ) : 00 00 11 11 
    2   0.00049090            (0' 3  ) : 00 00 11 11 
    7  -0.10147765            (1' 3  ) : 00 00 11 11 
   14   0.07204285            (2' 6  ) : 00 00 11 11 
   22  -0.00024101      (1' 0  0' 0  ) : 0000 0000 1111 1111 
   27  -0.00049090      (3' 0  0' 0  ) : 0000 0000 1111 1111 
   28   0.10147765      (3' 1  0' 0  ) : 0000 0000 1111 1111 
   44  -0.07204285      (6' 2  0' 0  ) : 0000 0000 1111 1111 
   50  -0.00024101      (1' 1  1' 0  ) : 0000 0000 1111 1111 
   59   0.00047533      (2' 2  1' 0  ) : 0000 0000 1111 1111 
   63  -0.00074647      (2' 6  1' 0  ) : 0000 0000 1111 1111 
   69  -0.00024101      (3' 3  1' 0  ) : 0000 0000 1111 1111 
   73   0.10147765      (3' 1  1' 1  ) : 0000 0000 1111 1111 
  101  -0.00198421      (6' 2  1' 0  ) : 0000 0000 1111 1111 
  105  -0.00071634      (6' 6  1' 0  ) : 0000 0000 1111 1111 
  107  -0.05126573      (6' 2  1' 1  ) : 0000 0000 1111 1111 
  128  -0.00119250      (3' 2  2' 0  ) : 0000 0000 1111 1111 
  132   0.00412124      (3' 6  2' 0  ) : 0000 0000 1111 1111 
  134   0.01563195      (3' 2  2' 1  ) : 0000 0000 1111 1111 
  138   0.00363414      (3' 6  2' 1  ) : 0000 0000 1111 1111 
  175  -0.00050488      (6' 1  2' 0  ) : 0000 0000 1111 1111 
  177  -0.00368703      (6' 3  2' 0  ) : 0000 0000 1111 1111 
  183  -0.04421753      (6' 3  2' 1  ) : 0000 0000 1111 1111 
  187  -0.07204285      (6' 2  2' 2  ) : 0000 0000 1111 1111 
  195  -0.00049090      (3' 3  3' 0  ) : 0000 0000 1111 1111 
  201   0.10147765      (3' 3  3' 1  ) : 0000 0000 1111 1111 
  254   0.00733465      (6' 2  3' 0  ) : 0000 0000 1111 1111 
  258  -0.00119250      (6' 6  3' 0  ) : 0000 0000 1111 1111 
  260  -0.02459288      (6' 2  3' 1  ) : 0000 0000 1111 1111 
  264   0.01563195      (6' 6  3' 1  ) : 0000 0000 1111 1111 
  266  -0.05126573      (6' 3  3' 2  ) : 0000 0000 1111 1111 
  336  -0.07204285      (6' 4  4' 2  ) : 0000 0000 1111 1111 
  388  -0.07204285      (6' 5  5' 2  ) : 0000 0000 1111 1111 
  416  -0.07204285      (6' 6  6' 2  ) : 0000 0000 1111 1111 
  428  -0.00024101      (0' 0  1' 0  ) : 0011 1100 0011 1100 
  433  -0.00049090      (0' 0  3' 0  ) : 0011 1100 0011 1100 
  434   0.10147765      (0' 0  3' 1  ) : 0011 1100 0011 1100 
  450  -0.07204285      (0' 0  6' 2  ) : 0011 1100 0011 1100 
  455   0.00090278      (1' 0  1' 0  ) : 0011 1100 
  456   0.00047533      (1' 0  1' 1  ) : 0011 1100 0011 1100 
  458   0.00052354      (1' 0  1' 3  ) : 0011 1100 0011 1100 
  462   0.00047533      (1' 1  1' 0  ) : 0011 1100 0011 1100 
  470  -0.00012953      (1' 0  2' 6  ) : 0011 1100 0011 1100 
  474  -0.00206629      (1' 0  3' 0  ) : 0011 1100 0011 1100 
  475   0.00282911      (1' 0  3' 1  ) : 0011 1100 0011 1100 
  477  -0.00071634      (1' 0  3' 3  ) : 0011 1100 0011 1100 
  481   0.00070160      (1' 1  3' 0  ) : 0011 1100 0011 1100 
  482   0.08584570      (1' 1  3' 1  ) : 0011 1100 0011 1100 
  516  -0.00024101      (1' 0  6' 6  ) : 0011 1100 0011 1100 
  519  -0.10621273      (1' 1  6' 2  ) : 0011 1100 0011 1100 
  524   0.02583816      (2' 0  2' 0  ) : 0011 1100 
  525  -0.00742779      (2' 0  2' 1  ) : 0011 1100 0011 1100 
  527  -0.00028801      (2' 0  2' 3  ) : 0011 1100 0011 1100 
  531  -0.00742779      (2' 1  2' 0  ) : 0011 1100 0011 1100 
  532   0.08191905      (2' 1  2' 1  ) : 0011 1100 
  534   0.05079283      (2' 1  2' 3  ) : 0011 1100 0011 1100 
  555  -0.00049090      (2' 2  3' 0  ) : 0011 1100 0011 1100 
  556   0.12950242      (2' 2  3' 1  ) : 0011 1100 0011 1100 
  598   0.00229262      (2' 0  6' 0  ) : 0011 1100 0011 1100 
  599  -0.00509896      (2' 0  6' 1  ) : 0011 1100 0011 1100 
  601  -0.00871529      (2' 0  6' 3  ) : 0011 1100 0011 1100 
  605  -0.00450533      (2' 1  6' 0  ) : 0011 1100 0011 1100 
  606   0.04090190      (2' 1  6' 1  ) : 0011 1100 0011 1100 
  608  -0.09759586      (2' 1  6' 3  ) : 0011 1100 0011 1100 
  614  -0.05126573      (2' 2  6' 2  ) : 0011 1100 0011 1100 
  619  -0.05444601      (3' 0  3' 0  ) : 0011 1100 
  620   0.01561932      (3' 0  3' 1  ) : 0011 1100 0011 1100 
  622  -0.00119250      (3' 0  3' 3  ) : 0011 1100 0011 1100 
  626   0.01561932      (3' 1  3' 0  ) : 0011 1100 0011 1100 
  627  -0.15930969      (3' 1  3' 1  ) : 0011 1100 
  629   0.01563195      (3' 1  3' 3  ) : 0011 1100 0011 1100 
  635   0.02707712      (3' 2  3' 2  ) : 0011 1100 
  639  -0.03778142      (3' 2  3' 6  ) : 0011 1100 0011 1100 
  640  -0.00119250      (3' 3  3' 0  ) : 0011 1100 0011 1100 
  641   0.01563195      (3' 3  3' 1  ) : 0011 1100 0011 1100 
  699  -0.00091341      (3' 0  6' 2  ) : 0011 1100 0011 1100 
  710  -0.02802477      (3' 1  6' 6  ) : 0011 1100 0011 1100 
  711  -0.00775317      (3' 2  6' 0  ) : 0011 1100 0011 1100 
  712  -0.08650833      (3' 2  6' 1  ) : 0011 1100 0011 1100 
  720   0.03416988      (3' 3  6' 2  ) : 0011 1100 0011 1100 
  725  -0.06263849      (4' 0  4' 0  ) : 0011 1100 
  726  -0.05928016      (4' 0  4' 1  ) : 0011 1100 0011 1100 
  728  -0.01219290      (4' 0  4' 3  ) : 0011 1100 0011 1100 
  732  -0.05928016      (4' 1  4' 0  ) : 0011 1100 0011 1100 
  733  -0.18100988      (4' 1  4' 1  ) : 0011 1100 
  735  -0.03358211      (4' 1  4' 3  ) : 0011 1100 0011 1100 
  741   0.03094629      (4' 2  4' 2  ) : 0011 1100 
  745   0.01370467      (4' 2  4' 6  ) : 0011 1100 0011 1100 
  746  -0.01219290      (4' 3  4' 0  ) : 0011 1100 0011 1100 
  747  -0.03358211      (4' 3  4' 1  ) : 0011 1100 0011 1100 
  749  -0.01525249      (4' 3  4' 3  ) : 0011 1100 
  827  -0.06263849      (5' 0  5' 0  ) : 0011 1100 
  828  -0.05928016      (5' 0  5' 1  ) : 0011 1100 0011 1100 
  830  -0.01219290      (5' 0  5' 3  ) : 0011 1100 0011 1100 
  834  -0.05928016      (5' 1  5' 0  ) : 0011 1100 0011 1100 
  835  -0.18100988      (5' 1  5' 1  ) : 0011 1100 
  837  -0.03358211      (5' 1  5' 3  ) : 0011 1100 0011 1100 
  843   0.03094629      (5' 2  5' 2  ) : 0011 1100 
  847   0.01370467      (5' 2  5' 6  ) : 0011 1100 0011 1100 
  848  -0.01219290      (5' 3  5' 0  ) : 0011 1100 0011 1100 
  849  -0.03358211      (5' 3  5' 1  ) : 0011 1100 0011 1100 
  851  -0.01525249      (5' 3  5' 3  ) : 0011 1100 
  910  -0.04435699      (6' 0  6' 0  ) : 0011 1100 
  911  -0.04117058      (6' 0  6' 1  ) : 0011 1100 0011 1100 
  913  -0.00357617      (6' 0  6' 3  ) : 0011 1100 0011 1100 
  917  -0.04117058      (6' 1  6' 0  ) : 0011 1100 0011 1100 
  918  -0.38892989      (6' 1  6' 1  ) : 0011 1100 
  920   0.04823918      (6' 1  6' 3  ) : 0011 1100 0011 1100 
  926  -0.17404182      (6' 2  6' 2  ) : 0011 1100 
  930  -0.02077713      (6' 2  6' 6  ) : 0011 1100 0011 1100 
  931  -0.00357617      (6' 3  6' 0  ) : 0011 1100 0011 1100 
  932   0.04823918      (6' 3  6' 1  ) : 0011 1100 0011 1100 
  934   0.08846893      (6' 3  6' 3  ) : 0011 1100 
  942  -0.00467916      (6' 4  6' 4  ) : 0011 1100 
  950  -0.00467916      (6' 5  6' 5  ) : 0011 1100 
  954  -0.02077713      (6' 6  6' 2  ) : 0011 1100 0011 1100 
 Norm of <[H,A]> =   0.70163774
 Max  of <[H,A]> =  -0.38892989
 Add operator  918
 Iter:   0 Current Energy = -17.2083295109451697 Gradient Norm    3.4e-02 Gradient Max    3.0e-02
 Iter:   1 Current Energy = -17.2084084067537617 Gradient Norm    2.2e-02 Gradient Max    2.0e-02
 Iter:   2 Current Energy = -17.2084450804509821 Gradient Norm    8.2e-03 Gradient Max    7.3e-03
 Iter:   3 Current Energy = -17.2084516225550175 Gradient Norm    1.4e-03 Gradient Max    1.3e-03
 Iter:   4 Current Energy = -17.2084518026467954 Gradient Norm    1.4e-03 Gradient Max    1.0e-03
 Iter:   5 Current Energy = -17.2084520445994009 Gradient Norm    4.5e-04 Gradient Max    3.3e-04
 Iter:   6 Current Energy = -17.2084520742333815 Gradient Norm    1.1e-06 Gradient Max    7.7e-07
 Iter:   7 Current Energy = -17.2084520742335485 Gradient Norm    6.4e-08 Gradient Max    5.4e-08
 Iter:   8 Current Energy = -17.2084520742335592 Gradient Norm    5.3e-11 Gradient Max    4.7e-11
 Finished:     -17.208452074234
 -----------New ansatz----------- 
    #        Coeff               Term
    0   0.07145191      (6' 1  6' 1  ) : 0011 1100 
    1   0.26074811      (3' 1  6' 2  ) : 0011 1100 0011 1100 
    2   0.20561991      (3' 2  3' 2  ) : 0011 1100 




 --------------------------------------------------------------------------
                         ADAPT-VQE iteration:  3
 --------------------------------------------------------------------------
 Check each new operator for coupling
 Measure Operator Pool Gradients:
 Variance:      0.01970946
 Uncertainty:   0.14039038
    0   0.00461581            (0' 1  ) : 00 00 11 11 
    2   0.00032286            (0' 3  ) : 00 00 11 11 
    7  -0.08019212            (1' 3  ) : 00 00 11 11 
   14   0.04569062            (2' 6  ) : 00 00 11 11 
   22  -0.00461581      (1' 0  0' 0  ) : 0000 0000 1111 1111 
   27  -0.00032286      (3' 0  0' 0  ) : 0000 0000 1111 1111 
   28   0.08019212      (3' 1  0' 0  ) : 0000 0000 1111 1111 
   44  -0.04569062      (6' 2  0' 0  ) : 0000 0000 1111 1111 
   50  -0.00461581      (1' 1  1' 0  ) : 0000 0000 1111 1111 
   59  -0.00361206      (2' 2  1' 0  ) : 0000 0000 1111 1111 
   63  -0.00118160      (2' 6  1' 0  ) : 0000 0000 1111 1111 
   67  -0.00031261      (3' 1  1' 0  ) : 0000 0000 1111 1111 
   69  -0.00040884      (3' 3  1' 0  ) : 0000 0000 1111 1111 
   73   0.08019212      (3' 1  1' 1  ) : 0000 0000 1111 1111 
  101  -0.00204425      (6' 2  1' 0  ) : 0000 0000 1111 1111 
  105  -0.00521073      (6' 6  1' 0  ) : 0000 0000 1111 1111 
  107  -0.03839649      (6' 2  1' 1  ) : 0000 0000 1111 1111 
  128  -0.00081286      (3' 2  2' 0  ) : 0000 0000 1111 1111 
  132   0.00400617      (3' 6  2' 0  ) : 0000 0000 1111 1111 
  134   0.00695687      (3' 2  2' 1  ) : 0000 0000 1111 1111 
  138   0.00198052      (3' 6  2' 1  ) : 0000 0000 1111 1111 
  175  -0.00016384      (6' 1  2' 0  ) : 0000 0000 1111 1111 
  177  -0.00331619      (6' 3  2' 0  ) : 0000 0000 1111 1111 
  183  -0.03743928      (6' 3  2' 1  ) : 0000 0000 1111 1111 
  187  -0.04569062      (6' 2  2' 2  ) : 0000 0000 1111 1111 
  195  -0.00032286      (3' 3  3' 0  ) : 0000 0000 1111 1111 
  201   0.08019212      (3' 3  3' 1  ) : 0000 0000 1111 1111 
  254   0.00723527      (6' 2  3' 0  ) : 0000 0000 1111 1111 
  258  -0.00112547      (6' 6  3' 0  ) : 0000 0000 1111 1111 
  260  -0.04498565      (6' 2  3' 1  ) : 0000 0000 1111 1111 
  264   0.00695687      (6' 6  3' 1  ) : 0000 0000 1111 1111 
  266  -0.03839649      (6' 3  3' 2  ) : 0000 0000 1111 1111 
  336  -0.04569062      (6' 4  4' 2  ) : 0000 0000 1111 1111 
  388  -0.04569062      (6' 5  5' 2  ) : 0000 0000 1111 1111 
  416  -0.04569062      (6' 6  6' 2  ) : 0000 0000 1111 1111 
  428  -0.00461581      (0' 0  1' 0  ) : 0011 1100 0011 1100 
  433  -0.00032286      (0' 0  3' 0  ) : 0011 1100 0011 1100 
  434   0.08019212      (0' 0  3' 1  ) : 0011 1100 0011 1100 
  450  -0.04569062      (0' 0  6' 2  ) : 0011 1100 0011 1100 
  455   0.00485228      (1' 0  1' 0  ) : 0011 1100 
  456   0.00059492      (1' 0  1' 1  ) : 0011 1100 0011 1100 
  458   0.00104962      (1' 0  1' 3  ) : 0011 1100 0011 1100 
  462   0.00059492      (1' 1  1' 0  ) : 0011 1100 0011 1100 
  466  -0.00420698      (1' 0  2' 2  ) : 0011 1100 0011 1100 
  470  -0.00020100      (1' 0  2' 6  ) : 0011 1100 0011 1100 
  474  -0.00285195      (1' 0  3' 0  ) : 0011 1100 0011 1100 
  475   0.00230130      (1' 0  3' 1  ) : 0011 1100 0011 1100 
  477  -0.00100375      (1' 0  3' 3  ) : 0011 1100 0011 1100 
  481   0.00080261      (1' 1  3' 0  ) : 0011 1100 0011 1100 
  482   0.07323525      (1' 1  3' 1  ) : 0011 1100 0011 1100 
  516  -0.00461581      (1' 0  6' 6  ) : 0011 1100 0011 1100 
  519  -0.07745079      (1' 1  6' 2  ) : 0011 1100 0011 1100 
  524   0.02550658      (2' 0  2' 0  ) : 0011 1100 
  525  -0.00679028      (2' 0  2' 1  ) : 0011 1100 0011 1100 
  527   0.00006600      (2' 0  2' 3  ) : 0011 1100 0011 1100 
  531  -0.00679028      (2' 1  2' 0  ) : 0011 1100 0011 1100 
  532   0.04552029      (2' 1  2' 1  ) : 0011 1100 
  534   0.04906027      (2' 1  2' 3  ) : 0011 1100 0011 1100 
  555  -0.00032286      (2' 2  3' 0  ) : 0011 1100 0011 1100 
  556   0.10466932      (2' 2  3' 1  ) : 0011 1100 0011 1100 
  598   0.00493646      (2' 0  6' 0  ) : 0011 1100 0011 1100 
  599  -0.00390060      (2' 0  6' 1  ) : 0011 1100 0011 1100 
  601  -0.00687349      (2' 0  6' 3  ) : 0011 1100 0011 1100 
  605  -0.00196345      (2' 1  6' 0  ) : 0011 1100 0011 1100 
  606   0.03365440      (2' 1  6' 1  ) : 0011 1100 0011 1100 
  608  -0.02243468      (2' 1  6' 3  ) : 0011 1100 0011 1100 
  614  -0.03839649      (2' 2  6' 2  ) : 0011 1100 0011 1100 
  619  -0.05472050      (3' 0  3' 0  ) : 0011 1100 
  620   0.01486128      (3' 0  3' 1  ) : 0011 1100 0011 1100 
  622  -0.00081286      (3' 0  3' 3  ) : 0011 1100 0011 1100 
  626   0.01486128      (3' 1  3' 0  ) : 0011 1100 0011 1100 
  627  -0.12718524      (3' 1  3' 1  ) : 0011 1100 
  629   0.00695687      (3' 1  3' 3  ) : 0011 1100 0011 1100 
  639  -0.03640308      (3' 2  3' 6  ) : 0011 1100 0011 1100 
  640  -0.00081286      (3' 3  3' 0  ) : 0011 1100 0011 1100 
  641   0.00695687      (3' 3  3' 1  ) : 0011 1100 0011 1100 
  699   0.00025198      (3' 0  6' 2  ) : 0011 1100 0011 1100 
  703  -0.00031261      (3' 0  6' 6  ) : 0011 1100 0011 1100 
  710  -0.02447720      (3' 1  6' 6  ) : 0011 1100 0011 1100 
  711  -0.00725786      (3' 2  6' 0  ) : 0011 1100 0011 1100 
  712  -0.10304986      (3' 2  6' 1  ) : 0011 1100 0011 1100 
  720   0.03176017      (3' 3  6' 2  ) : 0011 1100 0011 1100 
  725  -0.06263849      (4' 0  4' 0  ) : 0011 1100 
  726  -0.05762648      (4' 0  4' 1  ) : 0011 1100 0011 1100 
  728  -0.01198446      (4' 0  4' 3  ) : 0011 1100 0011 1100 
  732  -0.05762648      (4' 1  4' 0  ) : 0011 1100 0011 1100 
  733  -0.16636600      (4' 1  4' 1  ) : 0011 1100 
  735  -0.03002661      (4' 1  4' 3  ) : 0011 1100 0011 1100 
  741   0.03011770      (4' 2  4' 2  ) : 0011 1100 
  745   0.01727376      (4' 2  4' 6  ) : 0011 1100 0011 1100 
  746  -0.01198446      (4' 3  4' 0  ) : 0011 1100 0011 1100 
  747  -0.03002661      (4' 3  4' 1  ) : 0011 1100 0011 1100 
  749  -0.01463195      (4' 3  4' 3  ) : 0011 1100 
  827  -0.06263849      (5' 0  5' 0  ) : 0011 1100 
  828  -0.05762648      (5' 0  5' 1  ) : 0011 1100 0011 1100 
  830  -0.01198446      (5' 0  5' 3  ) : 0011 1100 0011 1100 
  834  -0.05762648      (5' 1  5' 0  ) : 0011 1100 0011 1100 
  835  -0.16636600      (5' 1  5' 1  ) : 0011 1100 
  837  -0.03002661      (5' 1  5' 3  ) : 0011 1100 0011 1100 
  843   0.03011770      (5' 2  5' 2  ) : 0011 1100 
  847   0.01727376      (5' 2  5' 6  ) : 0011 1100 0011 1100 
  848  -0.01198446      (5' 3  5' 0  ) : 0011 1100 0011 1100 
  849  -0.03002661      (5' 3  5' 1  ) : 0011 1100 0011 1100 
  851  -0.01463195      (5' 3  5' 3  ) : 0011 1100 
  910  -0.03018722      (6' 0  6' 0  ) : 0011 1100 
  911  -0.03255205      (6' 0  6' 1  ) : 0011 1100 0011 1100 
  913  -0.00346491      (6' 0  6' 3  ) : 0011 1100 0011 1100 
  917  -0.03255205      (6' 1  6' 0  ) : 0011 1100 0011 1100 
  920   0.03798049      (6' 1  6' 3  ) : 0011 1100 0011 1100 
  926  -0.13554908      (6' 2  6' 2  ) : 0011 1100 
  930  -0.00729412      (6' 2  6' 6  ) : 0011 1100 0011 1100 
  931  -0.00346491      (6' 3  6' 0  ) : 0011 1100 0011 1100 
  932   0.03798049      (6' 3  6' 1  ) : 0011 1100 0011 1100 
  934   0.04993430      (6' 3  6' 3  ) : 0011 1100 
  942  -0.02828098      (6' 4  6' 4  ) : 0011 1100 
  950  -0.02828098      (6' 5  6' 5  ) : 0011 1100 
  954  -0.00729412      (6' 6  6' 2  ) : 0011 1100 0011 1100 
 Norm of <[H,A]> =   0.47917506
 Max  of <[H,A]> =  -0.16636600
 Add operator  835
 Iter:   0 Current Energy = -17.2115045531510944 Gradient Norm    9.0e-03 Gradient Max    7.4e-03
 Iter:   1 Current Energy = -17.2115137423541178 Gradient Norm    3.5e-03 Gradient Max    2.5e-03
 Iter:   2 Current Energy = -17.2115155617808426 Gradient Norm    1.2e-03 Gradient Max    9.4e-04
 Iter:   3 Current Energy = -17.2115156814721431 Gradient Norm    6.3e-04 Gradient Max    6.0e-04
 Iter:   4 Current Energy = -17.2115157236944398 Gradient Norm    1.9e-04 Gradient Max    1.7e-04
 Iter:   5 Current Energy = -17.2115157276326869 Gradient Norm    7.5e-09 Gradient Max    6.6e-09
 Finished:     -17.211515727633
 -----------New ansatz----------- 
    #        Coeff               Term
    0   0.03671881      (5' 1  5' 1  ) : 0011 1100 
    1   0.07000180      (6' 1  6' 1  ) : 0011 1100 
    2   0.25854258      (3' 1  6' 2  ) : 0011 1100 0011 1100 
    3   0.20549119      (3' 2  3' 2  ) : 0011 1100 




 --------------------------------------------------------------------------
                         ADAPT-VQE iteration:  4
 --------------------------------------------------------------------------
 Check each new operator for coupling
 Measure Operator Pool Gradients:
 Variance:      0.01889388
 Uncertainty:   0.13745499
    0   0.00811010            (0' 1  ) : 00 00 11 11 
    2   0.00004941            (0' 3  ) : 00 00 11 11 
    7  -0.09249229            (1' 3  ) : 00 00 11 11 
   14   0.04812284            (2' 6  ) : 00 00 11 11 
   22  -0.00811010      (1' 0  0' 0  ) : 0000 0000 1111 1111 
   27  -0.00004941      (3' 0  0' 0  ) : 0000 0000 1111 1111 
   28   0.09249229      (3' 1  0' 0  ) : 0000 0000 1111 1111 
   44  -0.04812284      (6' 2  0' 0  ) : 0000 0000 1111 1111 
   50  -0.00811010      (1' 1  1' 0  ) : 0000 0000 1111 1111 
   59  -0.00648835      (2' 2  1' 0  ) : 0000 0000 1111 1111 
   63  -0.00116226      (2' 6  1' 0  ) : 0000 0000 1111 1111 
   67  -0.00001079      (3' 1  1' 0  ) : 0000 0000 1111 1111 
   69  -0.00103508      (3' 3  1' 0  ) : 0000 0000 1111 1111 
   73   0.09249229      (3' 1  1' 1  ) : 0000 0000 1111 1111 
   92  -0.00356691      (5' 5  1' 0  ) : 0000 0000 1111 1111 
  101  -0.00102544      (6' 2  1' 0  ) : 0000 0000 1111 1111 
  105  -0.00512985      (6' 6  1' 0  ) : 0000 0000 1111 1111 
  107  -0.03633574      (6' 2  1' 1  ) : 0000 0000 1111 1111 
  128  -0.00082584      (3' 2  2' 0  ) : 0000 0000 1111 1111 
  132   0.00398260      (3' 6  2' 0  ) : 0000 0000 1111 1111 
  134   0.00993391      (3' 2  2' 1  ) : 0000 0000 1111 1111 
  138   0.00392859      (3' 6  2' 1  ) : 0000 0000 1111 1111 
  175  -0.00015626      (6' 1  2' 0  ) : 0000 0000 1111 1111 
  177  -0.00334720      (6' 3  2' 0  ) : 0000 0000 1111 1111 
  183  -0.03771593      (6' 3  2' 1  ) : 0000 0000 1111 1111 
  187  -0.04812284      (6' 2  2' 2  ) : 0000 0000 1111 1111 
  195  -0.00004941      (3' 3  3' 0  ) : 0000 0000 1111 1111 
  201   0.09249229      (3' 3  3' 1  ) : 0000 0000 1111 1111 
  236   0.00030411      (5' 5  3' 0  ) : 0000 0000 1111 1111 
  242   0.00269511      (5' 5  3' 1  ) : 0000 0000 1111 1111 
  254   0.00730822      (6' 2  3' 0  ) : 0000 0000 1111 1111 
  258  -0.00114074      (6' 6  3' 0  ) : 0000 0000 1111 1111 
  260  -0.04522262      (6' 2  3' 1  ) : 0000 0000 1111 1111 
  264   0.00723880      (6' 6  3' 1  ) : 0000 0000 1111 1111 
  266  -0.04087856      (6' 3  3' 2  ) : 0000 0000 1111 1111 
  336  -0.04812284      (6' 4  4' 2  ) : 0000 0000 1111 1111 
  388  -0.04358002      (6' 5  5' 2  ) : 0000 0000 1111 1111 
  416  -0.04812284      (6' 6  6' 2  ) : 0000 0000 1111 1111 
  428  -0.00811010      (0' 0  1' 0  ) : 0011 1100 0011 1100 
  433  -0.00004941      (0' 0  3' 0  ) : 0011 1100 0011 1100 
  434   0.09249229      (0' 0  3' 1  ) : 0011 1100 0011 1100 
  450  -0.04812284      (0' 0  6' 2  ) : 0011 1100 0011 1100 
  455   0.00831233      (1' 0  1' 0  ) : 0011 1100 
  456   0.00058666      (1' 0  1' 1  ) : 0011 1100 0011 1100 
  458   0.00165951      (1' 0  1' 3  ) : 0011 1100 0011 1100 
  462   0.00058666      (1' 1  1' 0  ) : 0011 1100 0011 1100 
  466  -0.00707501      (1' 0  2' 2  ) : 0011 1100 0011 1100 
  470  -0.00020864      (1' 0  2' 6  ) : 0011 1100 0011 1100 
  474  -0.00312811      (1' 0  3' 0  ) : 0011 1100 0011 1100 
  475   0.00228830      (1' 0  3' 1  ) : 0011 1100 0011 1100 
  477  -0.00162174      (1' 0  3' 3  ) : 0011 1100 0011 1100 
  481   0.00078722      (1' 1  3' 0  ) : 0011 1100 0011 1100 
  482   0.08255838      (1' 1  3' 1  ) : 0011 1100 0011 1100 
  502  -0.00356691      (1' 0  5' 5  ) : 0011 1100 0011 1100 
  512   0.00004709      (1' 0  6' 2  ) : 0011 1100 0011 1100 
  516  -0.00454319      (1' 0  6' 6  ) : 0011 1100 0011 1100 
  519  -0.07767753      (1' 1  6' 2  ) : 0011 1100 0011 1100 
  524   0.02553069      (2' 0  2' 0  ) : 0011 1100 
  525  -0.00678781      (2' 0  2' 1  ) : 0011 1100 0011 1100 
  527   0.00019499      (2' 0  2' 3  ) : 0011 1100 0011 1100 
  531  -0.00678781      (2' 1  2' 0  ) : 0011 1100 0011 1100 
  532   0.04584544      (2' 1  2' 1  ) : 0011 1100 
  534   0.04723822      (2' 1  2' 3  ) : 0011 1100 0011 1100 
  555  -0.00004941      (2' 2  3' 0  ) : 0011 1100 0011 1100 
  556   0.11413293      (2' 2  3' 1  ) : 0011 1100 0011 1100 
  598   0.00480851      (2' 0  6' 0  ) : 0011 1100 0011 1100 
  599  -0.00390010      (2' 0  6' 1  ) : 0011 1100 0011 1100 
  601  -0.00643537      (2' 0  6' 3  ) : 0011 1100 0011 1100 
  605  -0.00200432      (2' 1  6' 0  ) : 0011 1100 0011 1100 
  606   0.03397488      (2' 1  6' 1  ) : 0011 1100 0011 1100 
  608  -0.02186136      (2' 1  6' 3  ) : 0011 1100 0011 1100 
  614  -0.04087856      (2' 2  6' 2  ) : 0011 1100 0011 1100 
  619  -0.05487095      (3' 0  3' 0  ) : 0011 1100 
  620   0.01487175      (3' 0  3' 1  ) : 0011 1100 0011 1100 
  622  -0.00082584      (3' 0  3' 3  ) : 0011 1100 0011 1100 
  626   0.01487175      (3' 1  3' 0  ) : 0011 1100 0011 1100 
  627  -0.12165993      (3' 1  3' 1  ) : 0011 1100 
  629   0.00993391      (3' 1  3' 3  ) : 0011 1100 0011 1100 
  639  -0.03857385      (3' 2  3' 6  ) : 0011 1100 0011 1100 
  640  -0.00082584      (3' 3  3' 0  ) : 0011 1100 0011 1100 
  641   0.00993391      (3' 3  3' 1  ) : 0011 1100 0011 1100 
  675   0.00030411      (3' 0  5' 5  ) : 0011 1100 0011 1100 
  682   0.00269511      (3' 1  5' 5  ) : 0011 1100 0011 1100 
  699   0.00111041      (3' 0  6' 2  ) : 0011 1100 0011 1100 
  703  -0.00031490      (3' 0  6' 6  ) : 0011 1100 0011 1100 
  706   0.00003034      (3' 1  6' 2  ) : 0011 1100 0011 1100 
  710  -0.02433575      (3' 1  6' 6  ) : 0011 1100 0011 1100 
  711  -0.00733354      (3' 2  6' 0  ) : 0011 1100 0011 1100 
  712  -0.10340902      (3' 2  6' 1  ) : 0011 1100 0011 1100 
  720   0.03409751      (3' 3  6' 2  ) : 0011 1100 0011 1100 
  725  -0.06263849      (4' 0  4' 0  ) : 0011 1100 
  726  -0.05744836      (4' 0  4' 1  ) : 0011 1100 0011 1100 
  728  -0.01192355      (4' 0  4' 3  ) : 0011 1100 0011 1100 
  732  -0.05744836      (4' 1  4' 0  ) : 0011 1100 0011 1100 
  733  -0.15998778      (4' 1  4' 1  ) : 0011 1100 
  735  -0.02985271      (4' 1  4' 3  ) : 0011 1100 0011 1100 
  741   0.03009783      (4' 2  4' 2  ) : 0011 1100 
  745   0.01705785      (4' 2  4' 6  ) : 0011 1100 0011 1100 
  746  -0.01192355      (4' 3  4' 0  ) : 0011 1100 0011 1100 
  747  -0.02985271      (4' 3  4' 1  ) : 0011 1100 0011 1100 
  749  -0.01457809      (4' 3  4' 3  ) : 0011 1100 
  827  -0.05639937      (5' 0  5' 0  ) : 0011 1100 
  828  -0.05168135      (5' 0  5' 1  ) : 0011 1100 0011 1100 
  830  -0.01309472      (5' 0  5' 3  ) : 0011 1100 0011 1100 
  834  -0.05168135      (5' 1  5' 0  ) : 0011 1100 0011 1100 
  835   0.00000000      (5' 1  5' 1  ) : 0011 1100 
  837  -0.04585504      (5' 1  5' 3  ) : 0011 1100 0011 1100 
  843   0.05100305      (5' 2  5' 2  ) : 0011 1100 
  847   0.03206424      (5' 2  5' 6  ) : 0011 1100 0011 1100 
  848  -0.01309472      (5' 3  5' 0  ) : 0011 1100 0011 1100 
  849  -0.04585504      (5' 3  5' 1  ) : 0011 1100 0011 1100 
  851  -0.03166339      (5' 3  5' 3  ) : 0011 1100 
  859  -0.01177029      (5' 4  5' 4  ) : 0011 1100 
  905  -0.00454282      (5' 5  6' 2  ) : 0011 1100 0011 1100 
  910  -0.03129977      (6' 0  6' 0  ) : 0011 1100 
  911  -0.03260064      (6' 0  6' 1  ) : 0011 1100 0011 1100 
  913  -0.00368435      (6' 0  6' 3  ) : 0011 1100 0011 1100 
  917  -0.03260064      (6' 1  6' 0  ) : 0011 1100 0011 1100 
  918   0.00004487      (6' 1  6' 1  ) : 0011 1100 
  920   0.03913297      (6' 1  6' 3  ) : 0011 1100 0011 1100 
  926  -0.13662537      (6' 2  6' 2  ) : 0011 1100 
  930  -0.00724428      (6' 2  6' 6  ) : 0011 1100 0011 1100 
  931  -0.00368435      (6' 3  6' 0  ) : 0011 1100 0011 1100 
  932   0.03913297      (6' 3  6' 1  ) : 0011 1100 0011 1100 
  934   0.05116161      (6' 3  6' 3  ) : 0011 1100 
  942  -0.02671065      (6' 4  6' 4  ) : 0011 1100 
  950   0.00060982      (6' 5  6' 5  ) : 0011 1100 
  954  -0.00724428      (6' 6  6' 2  ) : 0011 1100 0011 1100 
 Norm of <[H,A]> =   0.46728381
 Max  of <[H,A]> =  -0.15998778
 Add operator  733
 Iter:   0 Current Energy = -17.2143325200781554 Gradient Norm    1.1e-02 Gradient Max    7.2e-03
 Iter:   1 Current Energy = -17.2143457346526780 Gradient Norm    3.1e-03 Gradient Max    2.3e-03
 Iter:   2 Current Energy = -17.2143471490747402 Gradient Norm    1.4e-03 Gradient Max    9.2e-04
 Iter:   3 Current Energy = -17.2143473327477992 Gradient Norm    6.0e-04 Gradient Max    5.8e-04
 Iter:   4 Current Energy = -17.2143473679304577 Gradient Norm    2.2e-04 Gradient Max    1.5e-04
 Iter:   5 Current Energy = -17.2143473722388194 Gradient Norm    1.1e-04 Gradient Max    1.1e-04
 Iter:   6 Current Energy = -17.2143473736400487 Gradient Norm    2.1e-05 Gradient Max    2.0e-05
 Iter:   7 Current Energy = -17.2143473736879820 Gradient Norm    1.6e-10 Gradient Max    1.1e-10
 Finished:     -17.214347373688
 -----------New ansatz----------- 
    #        Coeff               Term
    0   0.03529372      (4' 1  4' 1  ) : 0011 1100 
    1   0.03520612      (5' 1  5' 1  ) : 0011 1100 
    2   0.06868906      (6' 1  6' 1  ) : 0011 1100 
    3   0.25656560      (3' 1  6' 2  ) : 0011 1100 0011 1100 
    4   0.20537506      (3' 2  3' 2  ) : 0011 1100 




 --------------------------------------------------------------------------
                         ADAPT-VQE iteration:  5
 --------------------------------------------------------------------------
 Check each new operator for coupling
 Measure Operator Pool Gradients:
 Variance:      0.01827549
 Uncertainty:   0.13518687
    0   0.01135232            (0' 1  ) : 00 00 11 11 
    2  -0.00017965            (0' 3  ) : 00 00 11 11 
    7  -0.10373717            (1' 3  ) : 00 00 11 11 
   14   0.05020465            (2' 6  ) : 00 00 11 11 
   22  -0.01135232      (1' 0  0' 0  ) : 0000 0000 1111 1111 
   27   0.00017965      (3' 0  0' 0  ) : 0000 0000 1111 1111 
   28   0.10373717      (3' 1  0' 0  ) : 0000 0000 1111 1111 
   44  -0.05020465      (6' 2  0' 0  ) : 0000 0000 1111 1111 
   50  -0.01135232      (1' 1  1' 0  ) : 0000 0000 1111 1111 
   59  -0.00916017      (2' 2  1' 0  ) : 0000 0000 1111 1111 
   63  -0.00114494      (2' 6  1' 0  ) : 0000 0000 1111 1111 
   67   0.00024412      (3' 1  1' 0  ) : 0000 0000 1111 1111 
   69  -0.00161289      (3' 3  1' 0  ) : 0000 0000 1111 1111 
   73   0.10373717      (3' 1  1' 1  ) : 0000 0000 1111 1111 
   80  -0.00343739      (4' 4  1' 0  ) : 0000 0000 1111 1111 
   92  -0.00343739      (5' 5  1' 0  ) : 0000 0000 1111 1111 
  101  -0.00011556      (6' 2  1' 0  ) : 0000 0000 1111 1111 
  105  -0.00505679      (6' 6  1' 0  ) : 0000 0000 1111 1111 
  107  -0.03448404      (6' 2  1' 1  ) : 0000 0000 1111 1111 
  128  -0.00083778      (3' 2  2' 0  ) : 0000 0000 1111 1111 
  132   0.00396213      (3' 6  2' 0  ) : 0000 0000 1111 1111 
  134   0.01258374      (3' 2  2' 1  ) : 0000 0000 1111 1111 
  138   0.00569725      (3' 6  2' 1  ) : 0000 0000 1111 1111 
  175  -0.00014908      (6' 1  2' 0  ) : 0000 0000 1111 1111 
  177  -0.00337451      (6' 3  2' 0  ) : 0000 0000 1111 1111 
  183  -0.03798561      (6' 3  2' 1  ) : 0000 0000 1111 1111 
  187  -0.05020465      (6' 2  2' 2  ) : 0000 0000 1111 1111 
  195   0.00017965      (3' 3  3' 0  ) : 0000 0000 1111 1111 
  201   0.10373717      (3' 3  3' 1  ) : 0000 0000 1111 1111 
  215   0.00028047      (4' 4  3' 0  ) : 0000 0000 1111 1111 
  221   0.00254344      (4' 4  3' 1  ) : 0000 0000 1111 1111 
  236   0.00028047      (5' 5  3' 0  ) : 0000 0000 1111 1111 
  242   0.00254344      (5' 5  3' 1  ) : 0000 0000 1111 1111 
  254   0.00737299      (6' 2  3' 0  ) : 0000 0000 1111 1111 
  258  -0.00115459      (6' 6  3' 0  ) : 0000 0000 1111 1111 
  260  -0.04545791      (6' 2  3' 1  ) : 0000 0000 1111 1111 
  264   0.00749686      (6' 6  3' 1  ) : 0000 0000 1111 1111 
  266  -0.04300281      (6' 3  3' 2  ) : 0000 0000 1111 1111 
  336  -0.04594526      (6' 4  4' 2  ) : 0000 0000 1111 1111 
  388  -0.04594526      (6' 5  5' 2  ) : 0000 0000 1111 1111 
  416  -0.05020465      (6' 6  6' 2  ) : 0000 0000 1111 1111 
  428  -0.01135232      (0' 0  1' 0  ) : 0011 1100 0011 1100 
  433   0.00017965      (0' 0  3' 0  ) : 0011 1100 0011 1100 
  434   0.10373717      (0' 0  3' 1  ) : 0011 1100 0011 1100 
  450  -0.05020465      (0' 0  6' 2  ) : 0011 1100 0011 1100 
  455   0.01152635      (1' 0  1' 0  ) : 0011 1100 
  456   0.00057925      (1' 0  1' 1  ) : 0011 1100 0011 1100 
  458   0.00221707      (1' 0  1' 3  ) : 0011 1100 0011 1100 
  462   0.00057925      (1' 1  1' 0  ) : 0011 1100 0011 1100 
  466  -0.00973942      (1' 0  2' 2  ) : 0011 1100 0011 1100 
  470  -0.00021547      (1' 0  2' 6  ) : 0011 1100 0011 1100 
  474  -0.00335742      (1' 0  3' 0  ) : 0011 1100 0011 1100 
  475   0.00227683      (1' 0  3' 1  ) : 0011 1100 0011 1100 
  477  -0.00219215      (1' 0  3' 3  ) : 0011 1100 0011 1100 
  481   0.00077331      (1' 1  3' 0  ) : 0011 1100 0011 1100 
  482   0.09115344      (1' 1  3' 1  ) : 0011 1100 0011 1100 
  489  -0.00343739      (1' 0  4' 4  ) : 0011 1100 0011 1100 
  502  -0.00343739      (1' 0  5' 5  ) : 0011 1100 0011 1100 
  512   0.00008685      (1' 0  6' 2  ) : 0011 1100 0011 1100 
  516  -0.00447754      (1' 0  6' 6  ) : 0011 1100 0011 1100 
  519  -0.07791011      (1' 1  6' 2  ) : 0011 1100 0011 1100 
  524   0.02555195      (2' 0  2' 0  ) : 0011 1100 
  525  -0.00678782      (2' 0  2' 1  ) : 0011 1100 0011 1100 
  527   0.00030319      (2' 0  2' 3  ) : 0011 1100 0011 1100 
  531  -0.00678782      (2' 1  2' 0  ) : 0011 1100 0011 1100 
  532   0.04606318      (2' 1  2' 1  ) : 0011 1100 
  534   0.04574780      (2' 1  2' 3  ) : 0011 1100 0011 1100 
  555   0.00017965      (2' 2  3' 0  ) : 0011 1100 0011 1100 
  556   0.12286321      (2' 2  3' 1  ) : 0011 1100 0011 1100 
  598   0.00469496      (2' 0  6' 0  ) : 0011 1100 0011 1100 
  599  -0.00390059      (2' 0  6' 1  ) : 0011 1100 0011 1100 
  601  -0.00603979      (2' 0  6' 3  ) : 0011 1100 0011 1100 
  605  -0.00204218      (2' 1  6' 0  ) : 0011 1100 0011 1100 
  606   0.03427917      (2' 1  6' 1  ) : 0011 1100 0011 1100 
  608  -0.02136365      (2' 1  6' 3  ) : 0011 1100 0011 1100 
  614  -0.04300281      (2' 2  6' 2  ) : 0011 1100 0011 1100 
  619  -0.05500521      (3' 0  3' 0  ) : 0011 1100 
  620   0.01488610      (3' 0  3' 1  ) : 0011 1100 0011 1100 
  622  -0.00083778      (3' 0  3' 3  ) : 0011 1100 0011 1100 
  626   0.01488610      (3' 1  3' 0  ) : 0011 1100 0011 1100 
  627  -0.11656819      (3' 1  3' 1  ) : 0011 1100 
  629   0.01258374      (3' 1  3' 3  ) : 0011 1100 0011 1100 
  639  -0.04048216      (3' 2  3' 6  ) : 0011 1100 0011 1100 
  640  -0.00083778      (3' 3  3' 0  ) : 0011 1100 0011 1100 
  641   0.01258374      (3' 3  3' 1  ) : 0011 1100 0011 1100 
  648   0.00028047      (3' 0  4' 4  ) : 0011 1100 0011 1100 
  655   0.00254344      (3' 1  4' 4  ) : 0011 1100 0011 1100 
  675   0.00028047      (3' 0  5' 5  ) : 0011 1100 0011 1100 
  682   0.00254344      (3' 1  5' 5  ) : 0011 1100 0011 1100 
  699   0.00188997      (3' 0  6' 2  ) : 0011 1100 0011 1100 
  703  -0.00031681      (3' 0  6' 6  ) : 0011 1100 0011 1100 
  706   0.00005191      (3' 1  6' 2  ) : 0011 1100 0011 1100 
  710  -0.02421290      (3' 1  6' 6  ) : 0011 1100 0011 1100 
  711  -0.00740051      (3' 2  6' 0  ) : 0011 1100 0011 1100 
  712  -0.10377518      (3' 2  6' 1  ) : 0011 1100 0011 1100 
  720   0.03622424      (3' 3  6' 2  ) : 0011 1100 0011 1100 
  725  -0.05692599      (4' 0  4' 0  ) : 0011 1100 
  726  -0.05177122      (4' 0  4' 1  ) : 0011 1100 0011 1100 
  728  -0.01302827      (4' 0  4' 3  ) : 0011 1100 0011 1100 
  732  -0.05177122      (4' 1  4' 0  ) : 0011 1100 0011 1100 
  735  -0.04437185      (4' 1  4' 3  ) : 0011 1100 0011 1100 
  741   0.05009934      (4' 2  4' 2  ) : 0011 1100 
  745   0.03117012      (4' 2  4' 6  ) : 0011 1100 0011 1100 
  746  -0.01302827      (4' 3  4' 0  ) : 0011 1100 0011 1100 
  747  -0.04437185      (4' 3  4' 1  ) : 0011 1100 0011 1100 
  749  -0.03054116      (4' 3  4' 3  ) : 0011 1100 
  822  -0.00425939      (4' 4  6' 2  ) : 0011 1100 0011 1100 
  827  -0.05692599      (5' 0  5' 0  ) : 0011 1100 
  828  -0.05177122      (5' 0  5' 1  ) : 0011 1100 0011 1100 
  830  -0.01302827      (5' 0  5' 3  ) : 0011 1100 0011 1100 
  834  -0.05177122      (5' 1  5' 0  ) : 0011 1100 0011 1100 
  837  -0.04437185      (5' 1  5' 3  ) : 0011 1100 0011 1100 
  843   0.05009934      (5' 2  5' 2  ) : 0011 1100 
  847   0.03117012      (5' 2  5' 6  ) : 0011 1100 0011 1100 
  848  -0.01302827      (5' 3  5' 0  ) : 0011 1100 0011 1100 
  849  -0.04437185      (5' 3  5' 1  ) : 0011 1100 0011 1100 
  851  -0.03054116      (5' 3  5' 3  ) : 0011 1100 
  905  -0.00425939      (5' 5  6' 2  ) : 0011 1100 0011 1100 
  910  -0.03228996      (6' 0  6' 0  ) : 0011 1100 
  911  -0.03265470      (6' 0  6' 1  ) : 0011 1100 0011 1100 
  913  -0.00387849      (6' 0  6' 3  ) : 0011 1100 0011 1100 
  917  -0.03265470      (6' 1  6' 0  ) : 0011 1100 0011 1100 
  918   0.00008150      (6' 1  6' 1  ) : 0011 1100 
  920   0.04016128      (6' 1  6' 3  ) : 0011 1100 0011 1100 
  926  -0.13760003      (6' 2  6' 2  ) : 0011 1100 
  930  -0.00720183      (6' 2  6' 6  ) : 0011 1100 0011 1100 
  931  -0.00387849      (6' 3  6' 0  ) : 0011 1100 0011 1100 
  932   0.04016128      (6' 3  6' 1  ) : 0011 1100 0011 1100 
  934   0.05226273      (6' 3  6' 3  ) : 0011 1100 
  942   0.00057634      (6' 4  6' 4  ) : 0011 1100 
  950   0.00057634      (6' 5  6' 5  ) : 0011 1100 
  954  -0.00720183      (6' 6  6' 2  ) : 0011 1100 0011 1100 
 Norm of <[H,A]> =   0.45939363
 Max  of <[H,A]> =  -0.13760003
 Add operator  926
 Iter:   0 Current Energy = -17.2163354752944997 Gradient Norm    2.9e-02 Gradient Max    2.4e-02
 Iter:   1 Current Energy = -17.2164311456255525 Gradient Norm    6.1e-03 Gradient Max    4.0e-03
 Iter:   2 Current Energy = -17.2164361498381417 Gradient Norm    2.2e-03 Gradient Max    1.8e-03
 Iter:   3 Current Energy = -17.2164369805824968 Gradient Norm    2.1e-04 Gradient Max    1.4e-04
 Iter:   4 Current Energy = -17.2164369848066272 Gradient Norm    5.4e-05 Gradient Max    5.4e-05
 Iter:   5 Current Energy = -17.2164369851217458 Gradient Norm    2.4e-06 Gradient Max    2.2e-06
 Iter:   6 Current Energy = -17.2164369851221117 Gradient Norm    1.5e-06 Gradient Max    1.4e-06
 Iter:   7 Current Energy = -17.2164369851222858 Gradient Norm    8.2e-07 Gradient Max    7.5e-07
 Iter:   8 Current Energy = -17.2164369851223604 Gradient Norm    3.4e-13 Gradient Max    3.1e-13
 Finished:     -17.216436985122
 -----------New ansatz----------- 
    #        Coeff               Term
    0   0.03012629      (6' 2  6' 2  ) : 0011 1100 
    1   0.03542641      (4' 1  4' 1  ) : 0011 1100 
    2   0.03533782      (5' 1  5' 1  ) : 0011 1100 
    3   0.06567223      (6' 1  6' 1  ) : 0011 1100 
    4   0.25521982      (3' 1  6' 2  ) : 0011 1100 0011 1100 
    5   0.19891320      (3' 2  3' 2  ) : 0011 1100 
2.0 [4^ 6 5^ 7] +
-2.0 [7^ 5 6^ 4]
0.1989132029187866
 Final ADAPT-VQE energy: -17.21643699
 <S^2> of final state  :   0.20286634
