 ---------------------------------------------------------
                                                          
                      Using Pyscf:
                                                          
 ---------------------------------------------------------
                                                          
converged SCF energy = -1.69488959079579

System and Method:
[('H', (0, 0, 0.0)), ('H', (0, 0, 1.0)), ('H', (0, 1.0, 0.0)), ('H', (0, 1.0, 1.0))]
Basis set                                      :      sto-3g
Number of Orbitals                             :         4
Number of electrons                            :         4
Nuclear Repulsion                              :    2.8650784323 
Electronic SCF energy                          :   -4.5599680231 
SCF Energy                                     :   -1.6948895908
 AO->MO
 NElectrons:    2    2
 ecore:   0.00000000
 ERIs in the active-space:
(4, 4, 4, 4)    0.00204800 Mb
 n_orb:    4
 n_a  :    2
 n_b  :    2
 HF Energy:  -1.69488959
 Number of operators:  131
 Build reference state with    2 alpha and    2 beta electrons [0, 2, 1, 3]
 State    0:  -1.91510655 au  <S2>:   0.00000000
128
128
105
  (0, 0)	(-4.55996802305762+0j)
 Reference Energy:  -4.55996802
 Generate Sparse Matrices for operators in pool
 Start ADAPT-VQE algorithm
 Now start to grow the ansatz




 --------------------------------------------------------------------------
                         ADAPT-VQE iteration:  0
 --------------------------------------------------------------------------
 Check each new operator for coupling
 Measure Operator Pool Gradients:
 Variance:      0.04932026
 Uncertainty:   0.22208165
    2  -0.00000003            (0' 3  ) : 00 00 11 11 
   12   0.00000003      (3' 0  0' 0  ) : 0000 0000 1111 1111 
   43  -0.00000013      (3' 1  2' 0  ) : 0000 0000 1111 1111 
   44   0.00000003      (3' 2  2' 0  ) : 0000 0000 1111 1111 
   54   0.00000003      (3' 3  3' 0  ) : 0000 0000 1111 1111 
   67   0.00000003      (0' 0  3' 0  ) : 0011 1100 0011 1100 
   88   0.00000003      (1' 1  3' 0  ) : 0011 1100 0011 1100 
   92  -0.56587553      (2' 0  2' 0  ) : 0011 1100 
   97  -0.04436598      (2' 1  2' 1  ) : 0011 1100 
  104  -0.00000013      (2' 0  3' 1  ) : 0011 1100 0011 1100 
  115  -0.31007384      (3' 0  3' 0  ) : 0011 1100 
  120  -0.60892931      (3' 1  3' 1  ) : 0011 1100 
 Norm of <[H,A]> =   0.88832660
 Max  of <[H,A]> =  -0.60892931
 Add operator  120
 Iter:   0 Current Energy =  -4.5776751419566768 Gradient Norm    1.2e-01 Gradient Max    1.2e-01
 Iter:   1 Current Energy =  -4.5783742577127988 Gradient Norm    1.4e-03 Gradient Max    1.4e-03
 Iter:   2 Current Energy =  -4.5783743523414335 Gradient Norm    5.0e-07 Gradient Max    5.0e-07
 Iter:   3 Current Energy =  -4.5783743523414451 Gradient Norm    2.4e-14 Gradient Max    2.4e-14
 Finished:      -4.578374352341
 -----------New ansatz----------- 
    #        Coeff               Term
    0   0.06016269      (3' 1  3' 1  ) : 0011 1100 




 --------------------------------------------------------------------------
                         ADAPT-VQE iteration:  1
 --------------------------------------------------------------------------
 Check each new operator for coupling
 Measure Operator Pool Gradients:
 Variance:      0.02482254
 Uncertainty:   0.15755169
    2   0.06397117            (0' 3  ) : 00 00 11 11 
   12  -0.06397117      (3' 0  0' 0  ) : 0000 0000 1111 1111 
   24  -0.00000002      (2' 3  1' 0  ) : 0000 0000 1111 1111 
   43  -0.00000011      (3' 1  2' 0  ) : 0000 0000 1111 1111 
   44  -0.06397117      (3' 2  2' 0  ) : 0000 0000 1111 1111 
   54  -0.06397117      (3' 3  3' 0  ) : 0000 0000 1111 1111 
   67  -0.06397117      (0' 0  3' 0  ) : 0011 1100 0011 1100 
   71   0.02932492      (1' 0  1' 0  ) : 0011 1100 
   74  -0.00773472      (1' 0  1' 3  ) : 0011 1100 0011 1100 
   80  -0.00000000      (1' 0  2' 3  ) : 0011 1100 0011 1100 
   88  -0.06397117      (1' 1  3' 0  ) : 0011 1100 0011 1100 
   92  -0.56587553      (2' 0  2' 0  ) : 0011 1100 
   95   0.00775585      (2' 0  2' 3  ) : 0011 1100 0011 1100 
   97   0.02447383      (2' 1  2' 1  ) : 0011 1100 
  104  -0.00000013      (2' 0  3' 1  ) : 0011 1100 0011 1100 
  107  -0.00000002      (2' 1  3' 0  ) : 0011 1100 0011 1100 
  115  -0.24253619      (3' 0  3' 0  ) : 0011 1100 
  125   0.00295912      (3' 2  3' 2  ) : 0011 1100 
 Norm of <[H,A]> =   0.63653785
 Max  of <[H,A]> =  -0.56587553
 Add operator   92
 Iter:   0 Current Energy =  -4.5971734610233232 Gradient Norm    1.0e-01 Gradient Max    1.0e-01
 Iter:   1 Current Energy =  -4.5977839712616619 Gradient Norm    3.4e-03 Gradient Max    3.1e-03
 Iter:   2 Current Energy =  -4.5977844572970357 Gradient Norm    1.4e-03 Gradient Max    1.4e-03
 Iter:   3 Current Energy =  -4.5977845776900796 Gradient Norm    4.1e-05 Gradient Max    4.1e-05
 Iter:   4 Current Energy =  -4.5977845777913116 Gradient Norm    6.9e-11 Gradient Max    6.9e-11
 Finished:      -4.597784577791
 -----------New ansatz----------- 
    #        Coeff               Term
    0   0.06817680      (2' 0  2' 0  ) : 0011 1100 
    1   0.06020361      (3' 1  3' 1  ) : 0011 1100 




 --------------------------------------------------------------------------
                         ADAPT-VQE iteration:  2
 --------------------------------------------------------------------------
 Check each new operator for coupling
 Measure Operator Pool Gradients:
 Variance:      0.00697097
 Uncertainty:   0.08349234
    2   0.13654457            (0' 3  ) : 00 00 11 11 
   12  -0.13654457      (3' 0  0' 0  ) : 0000 0000 1111 1111 
   24   0.00000000      (2' 3  1' 0  ) : 0000 0000 1111 1111 
   28  -0.00226876      (3' 1  1' 0  ) : 0000 0000 1111 1111 
   43  -0.00000010      (3' 1  2' 0  ) : 0000 0000 1111 1111 
   44  -0.13427582      (3' 2  2' 0  ) : 0000 0000 1111 1111 
   54  -0.13654457      (3' 3  3' 0  ) : 0000 0000 1111 1111 
   67  -0.13427582      (0' 0  3' 0  ) : 0011 1100 0011 1100 
   71   0.03194972      (1' 0  1' 0  ) : 0011 1100 
   74   0.00250485      (1' 0  1' 3  ) : 0011 1100 0011 1100 
   88  -0.13427582      (1' 1  3' 0  ) : 0011 1100 0011 1100 
   95  -0.00188778      (2' 0  2' 3  ) : 0011 1100 0011 1100 
   97   0.09203596      (2' 1  2' 1  ) : 0011 1100 
  104  -0.00000013      (2' 0  3' 1  ) : 0011 1100 0011 1100 
  107  -0.00000003      (2' 1  3' 0  ) : 0011 1100 0011 1100 
  111  -0.00226876      (2' 2  3' 0  ) : 0011 1100 0011 1100 
  115  -0.16424226      (3' 0  3' 0  ) : 0011 1100 
  118  -0.00226876      (3' 0  3' 3  ) : 0011 1100 0011 1100 
  125   0.03314013      (3' 2  3' 2  ) : 0011 1100 
  127  -0.00226876      (3' 3  3' 0  ) : 0011 1100 0011 1100 
 Norm of <[H,A]> =   0.38421200
 Max  of <[H,A]> =  -0.16424226
 Add operator  115
 Iter:   0 Current Energy =  -4.5985593434740082 Gradient Norm    1.5e-02 Gradient Max    1.0e-02
 Iter:   1 Current Energy =  -4.5985710933454698 Gradient Norm    4.3e-03 Gradient Max    4.0e-03
 Iter:   2 Current Energy =  -4.5985713178347529 Gradient Norm    3.5e-03 Gradient Max    3.4e-03
 Iter:   3 Current Energy =  -4.5985716261829657 Gradient Norm    1.3e-03 Gradient Max    1.2e-03
 Iter:   4 Current Energy =  -4.5985716720820360 Gradient Norm    6.7e-08 Gradient Max    4.8e-08
 Finished:      -4.598571672082
 -----------New ansatz----------- 
    #        Coeff               Term
    0   0.00957784      (3' 0  3' 0  ) : 0011 1100 
    1   0.06687963      (2' 0  2' 0  ) : 0011 1100 
    2   0.05922825      (3' 1  3' 1  ) : 0011 1100 




 --------------------------------------------------------------------------
                         ADAPT-VQE iteration:  3
 --------------------------------------------------------------------------
 Check each new operator for coupling
 Measure Operator Pool Gradients:
 Variance:      0.00506159
 Uncertainty:   0.07114485
    2   0.13629727            (0' 3  ) : 00 00 11 11 
   12  -0.13629727      (3' 0  0' 0  ) : 0000 0000 1111 1111 
   24   0.00000000      (2' 3  1' 0  ) : 0000 0000 1111 1111 
   28  -0.00211053      (3' 1  1' 0  ) : 0000 0000 1111 1111 
   43  -0.00000010      (3' 1  2' 0  ) : 0000 0000 1111 1111 
   44  -0.13418674      (3' 2  2' 0  ) : 0000 0000 1111 1111 
   54  -0.13629727      (3' 3  3' 0  ) : 0000 0000 1111 1111 
   67  -0.13162309      (0' 0  3' 0  ) : 0011 1100 0011 1100 
   71   0.01157837      (1' 0  1' 0  ) : 0011 1100 
   74   0.00241051      (1' 0  1' 3  ) : 0011 1100 0011 1100 
   86   0.00000000      (1' 0  3' 2  ) : 0011 1100 0011 1100 
   88  -0.13418674      (1' 1  3' 0  ) : 0011 1100 0011 1100 
   92   0.00020185      (2' 0  2' 0  ) : 0011 1100 
   95  -0.00172668      (2' 0  2' 3  ) : 0011 1100 0011 1100 
   97   0.08696785      (2' 1  2' 1  ) : 0011 1100 
  104  -0.00000013      (2' 0  3' 1  ) : 0011 1100 0011 1100 
  107  -0.00000003      (2' 1  3' 0  ) : 0011 1100 0011 1100 
  111  -0.00211053      (2' 2  3' 0  ) : 0011 1100 0011 1100 
  115   0.00000000      (3' 0  3' 0  ) : 0011 1100 
  118  -0.00467419      (3' 0  3' 3  ) : 0011 1100 0011 1100 
  120   0.00022735      (3' 1  3' 1  ) : 0011 1100 
  125   0.01019979      (3' 2  3' 2  ) : 0011 1100 
  127  -0.00467419      (3' 3  3' 0  ) : 0011 1100 0011 1100 
 Norm of <[H,A]> =   0.34195121
 Max  of <[H,A]> =   0.13629727
 Add operator    2
 Iter:   0 Current Energy =  -4.6004975019359922 Gradient Norm    4.4e-02 Gradient Max    3.1e-02
 Iter:   1 Current Energy =  -4.6006025277034599 Gradient Norm    1.2e-02 Gradient Max    1.1e-02
 Iter:   2 Current Energy =  -4.6006074107737165 Gradient Norm    2.2e-03 Gradient Max    1.6e-03
 Iter:   3 Current Energy =  -4.6006076384456822 Gradient Norm    6.2e-04 Gradient Max    6.0e-04
 Iter:   4 Current Energy =  -4.6006076763415322 Gradient Norm    1.0e-05 Gradient Max    9.7e-06
 Iter:   5 Current Energy =  -4.6006076763513351 Gradient Norm    2.6e-10 Gradient Max    2.2e-10
 Finished:      -4.600607676351
 -----------New ansatz----------- 
    #        Coeff               Term
    0  -0.02992929            (0' 3  ) : 00 00 11 11 
    1   0.00950539      (3' 0  3' 0  ) : 0011 1100 
    2   0.07079867      (2' 0  2' 0  ) : 0011 1100 
    3   0.06245249      (3' 1  3' 1  ) : 0011 1100 




 --------------------------------------------------------------------------
                         ADAPT-VQE iteration:  4
 --------------------------------------------------------------------------
 Check each new operator for coupling
 Measure Operator Pool Gradients:
 Variance:      0.00313513
 Uncertainty:   0.05599226
    3   0.00000001            (1' 2  ) : 00 00 11 11 
   10  -0.00000000      (2' 1  0' 0  ) : 0000 0000 1111 1111 
   24   0.00000000      (2' 3  1' 0  ) : 0000 0000 1111 1111 
   25  -0.00000001      (2' 1  1' 1  ) : 0000 0000 1111 1111 
   28  -0.00251368      (3' 1  1' 0  ) : 0000 0000 1111 1111 
   39  -0.00000001      (2' 2  2' 1  ) : 0000 0000 1111 1111 
   43  -0.00000009      (3' 1  2' 0  ) : 0000 0000 1111 1111 
   44   0.00251368      (3' 2  2' 0  ) : 0000 0000 1111 1111 
   48  -0.00000000      (3' 3  2' 1  ) : 0000 0000 1111 1111 
   65  -0.00000001      (0' 0  2' 1  ) : 0011 1100 0011 1100 
   67   0.00251099      (0' 0  3' 0  ) : 0011 1100 0011 1100 
   71   0.01326709      (1' 0  1' 0  ) : 0011 1100 
   74   0.02031720      (1' 0  1' 3  ) : 0011 1100 0011 1100 
   77   0.00000000      (1' 0  2' 0  ) : 0011 1100 0011 1100 
   82  -0.00000001      (1' 1  2' 1  ) : 0011 1100 0011 1100 
   86   0.00000000      (1' 0  3' 2  ) : 0011 1100 0011 1100 
   88   0.00251368      (1' 1  3' 0  ) : 0011 1100 0011 1100 
   92   0.00129513      (2' 0  2' 0  ) : 0011 1100 
   95   0.01797545      (2' 0  2' 3  ) : 0011 1100 0011 1100 
   97   0.08546705      (2' 1  2' 1  ) : 0011 1100 
  104  -0.00000013      (2' 0  3' 1  ) : 0011 1100 0011 1100 
  107  -0.00000004      (2' 1  3' 0  ) : 0011 1100 0011 1100 
  110   0.00000000      (2' 1  3' 3  ) : 0011 1100 0011 1100 
  111  -0.00251368      (2' 2  3' 0  ) : 0011 1100 0011 1100 
  115  -0.00030097      (3' 0  3' 0  ) : 0011 1100 
  118  -0.00251099      (3' 0  3' 3  ) : 0011 1100 0011 1100 
  120   0.00146395      (3' 1  3' 1  ) : 0011 1100 
  121  -0.00000000      (3' 1  3' 2  ) : 0011 1100 0011 1100 
  124  -0.00000000      (3' 2  3' 1  ) : 0011 1100 0011 1100 
  125   0.01164164      (3' 2  3' 2  ) : 0011 1100 
  127  -0.00251099      (3' 3  3' 0  ) : 0011 1100 0011 1100 
 Norm of <[H,A]> =   0.09165242
 Max  of <[H,A]> =   0.08546705
 Ansatz Growth Converged!
 Number of operators in ansatz:  4
 *Finished:      -4.600607676351
 -----------Final ansatz----------- 
    #        Coeff               Term
    0  -0.02992929            (0' 3  ) : 00 00 11 11 
    1   0.00950539      (3' 0  3' 0  ) : 0011 1100 
    2   0.07079867      (2' 0  2' 0  ) : 0011 1100 
    3   0.06245249      (3' 1  3' 1  ) : 0011 1100 
2.0 [2^ 6 3^ 7] +
-2.0 [7^ 3 6^ 2]
0.06245248534554058
 Final ADAPT-VQE energy:  -4.60060768
 <S^2> of final state  :   0.00000000
