/opt/anaconda3/envs/unitary_pruning/lib/python3.9/site-packages/pyscf/lib/misc.py:105: UserWarning: OpenMP is not available. Setting omp_threads to 1 has no effects.
  warnings.warn('OpenMP is not available. '
 ---------------------------------------------------------
                                                          
                      Using Pyscf:
                                                          
 ---------------------------------------------------------
                                                          
converged SCF energy = -14.351880476202

System and Method:
[('Be', (0, 0, 0), ('H', (0, 0, -2.39)), ('H', (0, 0, 2.39)))]
Basis set                                      :      sto-3g
Number of Orbitals                             :         5
Number of electrons                            :         4
Nuclear Repulsion                              :    0.0000000000 
Electronic SCF energy                          :  -14.3518804762 
SCF Energy                                     :  -14.3518804762
 AO->MO
 NElectrons:    2    2
 ecore:   0.00000000
 ERIs in the active-space:
(5, 5, 5, 5)    0.00500000 Mb
 n_orb:    5
 n_a  :    2
 n_b  :    2
 HF Energy: -14.35188048
 Number of operators:  285
 Build reference state with    2 alpha and    2 beta electrons [0, 2, 1, 3]
 State    0: -14.40365511 au  <S2>:   0.00000000
155
155
156
  (0, 0)	(-14.351880476202021+0j)
 Reference Energy: -14.35188048
 Generate Sparse Matrices for operators in pool
 Start ADAPT-VQE algorithm
 Now start to grow the ansatz




 --------------------------------------------------------------------------
                         ADAPT-VQE iteration:  0
 --------------------------------------------------------------------------
 Check each new operator for coupling
 Measure Operator Pool Gradients:
 Variance:      0.02587431
 Uncertainty:   0.16085492
  179  -0.06239631      (2' 0  2' 0  ) : 0011 1100 
  180  -0.08225028      (2' 0  2' 1  ) : 0011 1100 0011 1100 
  184  -0.08225028      (2' 1  2' 0  ) : 0011 1100 0011 1100 
  185  -0.34723592      (2' 1  2' 1  ) : 0011 1100 
  221  -0.06239631      (3' 0  3' 0  ) : 0011 1100 
  222  -0.08225028      (3' 0  3' 1  ) : 0011 1100 0011 1100 
  226  -0.08225028      (3' 1  3' 0  ) : 0011 1100 0011 1100 
  227  -0.34723592      (3' 1  3' 1  ) : 0011 1100 
  260  -0.06239631      (4' 0  4' 0  ) : 0011 1100 
  261  -0.08225028      (4' 0  4' 1  ) : 0011 1100 0011 1100 
  265  -0.08225028      (4' 1  4' 0  ) : 0011 1100 0011 1100 
  266  -0.34723592      (4' 1  4' 1  ) : 0011 1100 
 Norm of <[H,A]> =   0.64341970
 Max  of <[H,A]> =  -0.34723592
 Add operator  185
 Iter:   0 Current Energy = -14.3727669248763057 Gradient Norm    1.2e-02 Gradient Max    1.2e-02
 Iter:   1 Current Energy = -14.3727908663244275 Gradient Norm    4.8e-04 Gradient Max    4.8e-04
 Iter:   2 Current Energy = -14.3727909038875996 Gradient Norm    1.9e-08 Gradient Max    1.9e-08
 Iter:   3 Current Energy = -14.3727909038875996 Gradient Norm    1.8e-15 Gradient Max    1.8e-15
 Finished:     -14.372790903888
 -----------New ansatz----------- 
    #        Coeff               Term
    0   0.11818779      (2' 1  2' 1  ) : 0011 1100 




 --------------------------------------------------------------------------
                         ADAPT-VQE iteration:  1
 --------------------------------------------------------------------------
 Check each new operator for coupling
 Measure Operator Pool Gradients:
 Variance:      0.01491103
 Uncertainty:   0.12211073
    0   0.01341754            (0' 1  ) : 00 00 11 11 
   11  -0.01341754      (1' 0  0' 0  ) : 0000 0000 1111 1111 
   26  -0.01341754      (1' 1  1' 0  ) : 0000 0000 1111 1111 
   33  -0.01341754      (2' 2  1' 0  ) : 0000 0000 1111 1111 
  131  -0.01341754      (0' 0  1' 0  ) : 0011 1100 0011 1100 
  145   0.00448841      (1' 0  1' 0  ) : 0011 1100 
  154  -0.01341754      (1' 0  2' 2  ) : 0011 1100 0011 1100 
  179  -0.01863348      (2' 0  2' 0  ) : 0011 1100 
  180  -0.05570248      (2' 0  2' 1  ) : 0011 1100 0011 1100 
  184  -0.05570248      (2' 1  2' 0  ) : 0011 1100 0011 1100 
  221  -0.06239631      (3' 0  3' 0  ) : 0011 1100 
  222  -0.07773964      (3' 0  3' 1  ) : 0011 1100 0011 1100 
  226  -0.07773964      (3' 1  3' 0  ) : 0011 1100 0011 1100 
  227  -0.30611002      (3' 1  3' 1  ) : 0011 1100 
  233   0.07373536      (3' 2  3' 2  ) : 0011 1100 
  260  -0.06239631      (4' 0  4' 0  ) : 0011 1100 
  261  -0.07773964      (4' 0  4' 1  ) : 0011 1100 0011 1100 
  265  -0.07773964      (4' 1  4' 0  ) : 0011 1100 0011 1100 
  266  -0.30611002      (4' 1  4' 1  ) : 0011 1100 
  272   0.07373536      (4' 2  4' 2  ) : 0011 1100 
 Norm of <[H,A]> =   0.48774375
 Max  of <[H,A]> =  -0.30611002
 Add operator  227
 Iter:   0 Current Energy = -14.3891234117817124 Gradient Norm    4.3e-02 Gradient Max    4.3e-02
 Iter:   1 Current Energy = -14.3894365341124768 Gradient Norm    4.0e-03 Gradient Max    3.9e-03
 Iter:   2 Current Energy = -14.3894390634966172 Gradient Norm    1.9e-04 Gradient Max    1.9e-04
 Iter:   3 Current Energy = -14.3894390693389997 Gradient Norm    5.5e-08 Gradient Max    5.4e-08
 Iter:   4 Current Energy = -14.3894390693390015 Gradient Norm    3.5e-11 Gradient Max    3.5e-11
 Finished:     -14.389439069339
 -----------New ansatz----------- 
    #        Coeff               Term
    0   0.10652303      (3' 1  3' 1  ) : 0011 1100 
    1   0.10418456      (2' 1  2' 1  ) : 0011 1100 




 --------------------------------------------------------------------------
                         ADAPT-VQE iteration:  2
 --------------------------------------------------------------------------
 Check each new operator for coupling
 Measure Operator Pool Gradients:
 Variance:      0.00730961
 Uncertainty:   0.08549626
    0   0.02425629            (0' 1  ) : 00 00 11 11 
   11  -0.02425629      (1' 0  0' 0  ) : 0000 0000 1111 1111 
   26  -0.02425629      (1' 1  1' 0  ) : 0000 0000 1111 1111 
   33  -0.01212814      (2' 2  1' 0  ) : 0000 0000 1111 1111 
   41  -0.01212814      (3' 3  1' 0  ) : 0000 0000 1111 1111 
  131  -0.02425629      (0' 0  1' 0  ) : 0011 1100 0011 1100 
  145   0.00952065      (1' 0  1' 0  ) : 0011 1100 
  154  -0.01212814      (1' 0  2' 2  ) : 0011 1100 0011 1100 
  163  -0.01212814      (1' 0  3' 3  ) : 0011 1100 0011 1100 
  179  -0.02734528      (2' 0  2' 0  ) : 0011 1100 
  180  -0.05606343      (2' 0  2' 1  ) : 0011 1100 0011 1100 
  184  -0.05606343      (2' 1  2' 0  ) : 0011 1100 0011 1100 
  221  -0.02734528      (3' 0  3' 0  ) : 0011 1100 
  222  -0.05606343      (3' 0  3' 1  ) : 0011 1100 0011 1100 
  226  -0.05606343      (3' 1  3' 0  ) : 0011 1100 0011 1100 
  260  -0.06239631      (4' 0  4' 0  ) : 0011 1100 
  261  -0.07521082      (4' 0  4' 1  ) : 0011 1100 0011 1100 
  265  -0.07521082      (4' 1  4' 0  ) : 0011 1100 0011 1100 
  266  -0.27914243      (4' 1  4' 1  ) : 0011 1100 
  272   0.06038659      (4' 2  4' 2  ) : 0011 1100 
  278   0.06038659      (4' 3  4' 3  ) : 0011 1100 
 Norm of <[H,A]> =   0.34281286
 Max  of <[H,A]> =  -0.27914243
 Add operator  266
 Iter:   0 Current Energy = -14.4029450234752439 Gradient Norm    5.0e-02 Gradient Max    3.6e-02
 Iter:   1 Current Energy = -14.4033273562008421 Gradient Norm    2.8e-03 Gradient Max    2.6e-03
 Iter:   2 Current Energy = -14.4033282028050156 Gradient Norm    1.5e-03 Gradient Max    1.1e-03
 Iter:   3 Current Energy = -14.4033283655589148 Gradient Norm    1.2e-03 Gradient Max    7.9e-04
 Iter:   4 Current Energy = -14.4033285794110917 Gradient Norm    3.7e-04 Gradient Max    2.4e-04
 Iter:   5 Current Energy = -14.4033286020999736 Gradient Norm    1.4e-05 Gradient Max    1.0e-05
 Iter:   6 Current Energy = -14.4033286021331968 Gradient Norm    2.0e-06 Gradient Max    1.7e-06
 Iter:   7 Current Energy = -14.4033286021338185 Gradient Norm    4.4e-09 Gradient Max    3.0e-09
 Finished:     -14.403328602134
 -----------New ansatz----------- 
    #        Coeff               Term
    0   0.09752079      (4' 1  4' 1  ) : 0011 1100 
    1   0.09571702      (3' 1  3' 1  ) : 0011 1100 
    2   0.09400978      (2' 1  2' 1  ) : 0011 1100 




 --------------------------------------------------------------------------
                         ADAPT-VQE iteration:  3
 --------------------------------------------------------------------------
 Check each new operator for coupling
 Measure Operator Pool Gradients:
 Variance:      0.00156576
 Uncertainty:   0.03956963
    0   0.03349217            (0' 1  ) : 00 00 11 11 
   11  -0.03349217      (1' 0  0' 0  ) : 0000 0000 1111 1111 
   26  -0.03349217      (1' 1  1' 0  ) : 0000 0000 1111 1111 
   33  -0.01116406      (2' 2  1' 0  ) : 0000 0000 1111 1111 
   41  -0.01116406      (3' 3  1' 0  ) : 0000 0000 1111 1111 
   50  -0.01116406      (4' 4  1' 0  ) : 0000 0000 1111 1111 
  131  -0.03349217      (0' 0  1' 0  ) : 0011 1100 0011 1100 
  145   0.01453239      (1' 0  1' 0  ) : 0011 1100 
  154  -0.01116406      (1' 0  2' 2  ) : 0011 1100 0011 1100 
  163  -0.01116406      (1' 0  3' 3  ) : 0011 1100 0011 1100 
  173  -0.01116406      (1' 0  4' 4  ) : 0011 1100 0011 1100 
  179  -0.03324035      (2' 0  2' 0  ) : 0011 1100 
  180  -0.05651170      (2' 0  2' 1  ) : 0011 1100 0011 1100 
  184  -0.05651170      (2' 1  2' 0  ) : 0011 1100 0011 1100 
  185  -0.00000000      (2' 1  2' 1  ) : 0011 1100 
  221  -0.03324035      (3' 0  3' 0  ) : 0011 1100 
  222  -0.05651170      (3' 0  3' 1  ) : 0011 1100 0011 1100 
  226  -0.05651170      (3' 1  3' 0  ) : 0011 1100 0011 1100 
  227   0.00000000      (3' 1  3' 1  ) : 0011 1100 
  260  -0.03324035      (4' 0  4' 0  ) : 0011 1100 
  261  -0.05651170      (4' 0  4' 1  ) : 0011 1100 0011 1100 
  265  -0.05651170      (4' 1  4' 0  ) : 0011 1100 0011 1100 
  266   0.00000000      (4' 1  4' 1  ) : 0011 1100 
 Norm of <[H,A]> =   0.16709909
 Max  of <[H,A]> =  -0.05651170
 Add operator  180
 Iter:   0 Current Energy = -14.4034289936598370 Gradient Norm    7.6e-04 Gradient Max    7.4e-04
 Iter:   1 Current Energy = -14.4034290778737137 Gradient Norm    1.2e-04 Gradient Max    7.0e-05
 Iter:   2 Current Energy = -14.4034290794919766 Gradient Norm    4.3e-05 Gradient Max    4.3e-05
 Iter:   3 Current Energy = -14.4034290795503672 Gradient Norm    2.4e-06 Gradient Max    1.6e-06
 Iter:   4 Current Energy = -14.4034290795512625 Gradient Norm    1.1e-06 Gradient Max    1.1e-06
 Iter:   5 Current Energy = -14.4034290795513034 Gradient Norm    3.1e-08 Gradient Max    3.1e-08
 Iter:   6 Current Energy = -14.4034290795513069 Gradient Norm    3.1e-15 Gradient Max    1.8e-15
 Finished:     -14.403429079551
 -----------New ansatz----------- 
    #        Coeff               Term
    0   0.00355563      (2' 0  2' 1  ) : 0011 1100 0011 1100 
    1   0.09751031      (4' 1  4' 1  ) : 0011 1100 
    2   0.09570711      (3' 1  3' 1  ) : 0011 1100 
    3   0.09378233      (2' 1  2' 1  ) : 0011 1100 




 --------------------------------------------------------------------------
                         ADAPT-VQE iteration:  4
 --------------------------------------------------------------------------
 Check each new operator for coupling
 Measure Operator Pool Gradients:
 Variance:      0.00112814
 Uncertainty:   0.03358787
    0   0.02231519            (0' 1  ) : 00 00 11 11 
   11  -0.02231519      (1' 0  0' 0  ) : 0000 0000 1111 1111 
   26  -0.02231519      (1' 1  1' 0  ) : 0000 0000 1111 1111 
   33  -0.00010694      (2' 2  1' 0  ) : 0000 0000 1111 1111 
   41  -0.01110413      (3' 3  1' 0  ) : 0000 0000 1111 1111 
   50  -0.01110413      (4' 4  1' 0  ) : 0000 0000 1111 1111 
  131  -0.02220825      (0' 0  1' 0  ) : 0011 1100 0011 1100 
  145   0.01561681      (1' 0  1' 0  ) : 0011 1100 
  146  -0.00010694      (1' 0  1' 1  ) : 0011 1100 0011 1100 
  150  -0.00010694      (1' 1  1' 0  ) : 0011 1100 0011 1100 
  154  -0.00010694      (1' 0  2' 2  ) : 0011 1100 0011 1100 
  163  -0.01110413      (1' 0  3' 3  ) : 0011 1100 0011 1100 
  173  -0.01110413      (1' 0  4' 4  ) : 0011 1100 0011 1100 
  179  -0.03857710      (2' 0  2' 0  ) : 0011 1100 
  221  -0.03312843      (3' 0  3' 0  ) : 0011 1100 
  222  -0.05613730      (3' 0  3' 1  ) : 0011 1100 0011 1100 
  226  -0.05613730      (3' 1  3' 0  ) : 0011 1100 0011 1100 
  233   0.00039975      (3' 2  3' 2  ) : 0011 1100 
  260  -0.03312843      (4' 0  4' 0  ) : 0011 1100 
  261  -0.05613730      (4' 0  4' 1  ) : 0011 1100 0011 1100 
  265  -0.05613730      (4' 1  4' 0  ) : 0011 1100 0011 1100 
  272   0.00039975      (4' 2  4' 2  ) : 0011 1100 
 Norm of <[H,A]> =   0.13788883
 Max  of <[H,A]> =  -0.05613730
 Add operator  261
 Iter:   0 Current Energy = -14.4035281275678706 Gradient Norm    8.3e-04 Gradient Max    7.2e-04
 Iter:   1 Current Energy = -14.4035281842440277 Gradient Norm    7.3e-04 Gradient Max    6.4e-04
 Iter:   2 Current Energy = -14.4035281947360989 Gradient Norm    6.2e-04 Gradient Max    5.4e-04
 Iter:   3 Current Energy = -14.4035282097806618 Gradient Norm    3.5e-04 Gradient Max    3.0e-04
 Iter:   4 Current Energy = -14.4035282161114573 Gradient Norm    1.0e-04 Gradient Max    6.4e-05
 Iter:   5 Current Energy = -14.4035282170542356 Gradient Norm    1.8e-05 Gradient Max    1.3e-05
 Iter:   6 Current Energy = -14.4035282170760084 Gradient Norm    8.0e-06 Gradient Max    6.2e-06
 Iter:   7 Current Energy = -14.4035282170812255 Gradient Norm    6.9e-06 Gradient Max    5.8e-06
 Iter:   8 Current Energy = -14.4035282170869401 Gradient Norm    6.3e-07 Gradient Max    5.4e-07
 Iter:   9 Current Energy = -14.4035282170870094 Gradient Norm    6.1e-08 Gradient Max    5.2e-08
 Finished:     -14.403528217087
 -----------New ansatz----------- 
    #        Coeff               Term
    0   0.00353161      (4' 0  4' 1  ) : 0011 1100 0011 1100 
    1   0.00353161      (2' 0  2' 1  ) : 0011 1100 0011 1100 
    2   0.09727532      (4' 1  4' 1  ) : 0011 1100 
    3   0.09570569      (3' 1  3' 1  ) : 0011 1100 
    4   0.09378198      (2' 1  2' 1  ) : 0011 1100 




 --------------------------------------------------------------------------
                         ADAPT-VQE iteration:  5
 --------------------------------------------------------------------------
 Check each new operator for coupling
 Measure Operator Pool Gradients:
 Variance:      0.00070264
 Uncertainty:   0.02650732
    0   0.01128765            (0' 1  ) : 00 00 11 11 
   11  -0.01128765      (1' 0  0' 0  ) : 0000 0000 1111 1111 
   26  -0.01128765      (1' 1  1' 0  ) : 0000 0000 1111 1111 
   33  -0.00012132      (2' 2  1' 0  ) : 0000 0000 1111 1111 
   41  -0.01104501      (3' 3  1' 0  ) : 0000 0000 1111 1111 
   50  -0.00012132      (4' 4  1' 0  ) : 0000 0000 1111 1111 
  131  -0.01107549      (0' 0  1' 0  ) : 0011 1100 0011 1100 
  145   0.01668371      (1' 0  1' 0  ) : 0011 1100 
  146  -0.00021217      (1' 0  1' 1  ) : 0011 1100 0011 1100 
  150  -0.00021217      (1' 1  1' 0  ) : 0011 1100 0011 1100 
  154  -0.00012132      (1' 0  2' 2  ) : 0011 1100 0011 1100 
  163  -0.01104501      (1' 0  3' 3  ) : 0011 1100 0011 1100 
  173  -0.00012132      (1' 0  4' 4  ) : 0011 1100 0011 1100 
  179  -0.03860557      (2' 0  2' 0  ) : 0011 1100 
  180   0.00000003      (2' 0  2' 1  ) : 0011 1100 0011 1100 
  184   0.00000003      (2' 1  2' 0  ) : 0011 1100 0011 1100 
  185  -0.00000091      (2' 1  2' 1  ) : 0011 1100 
  221  -0.03301880      (3' 0  3' 0  ) : 0011 1100 
  222  -0.05576785      (3' 0  3' 1  ) : 0011 1100 0011 1100 
  226  -0.05576785      (3' 1  3' 0  ) : 0011 1100 0011 1100 
  227  -0.00000010      (3' 1  3' 1  ) : 0011 1100 
  233   0.00039443      (3' 2  3' 2  ) : 0011 1100 
  260  -0.03860557      (4' 0  4' 0  ) : 0011 1100 
  261  -0.00000000      (4' 0  4' 1  ) : 0011 1100 0011 1100 
  265  -0.00000000      (4' 1  4' 0  ) : 0011 1100 0011 1100 
  266  -0.00000087      (4' 1  4' 1  ) : 0011 1100 
  272  -0.00000001      (4' 2  4' 2  ) : 0011 1100 
  278  -0.00039444      (4' 3  4' 3  ) : 0011 1100 
 Norm of <[H,A]> =   0.10638994
 Max  of <[H,A]> =  -0.05576785
 Add operator  222
 Iter:   0 Current Energy = -14.4036259484194353 Gradient Norm    9.2e-04 Gradient Max    7.2e-04
 Iter:   1 Current Energy = -14.4036260021464990 Gradient Norm    7.2e-04 Gradient Max    4.2e-04
 Iter:   2 Current Energy = -14.4036260333161827 Gradient Norm    3.3e-04 Gradient Max    1.8e-04
 Iter:   3 Current Energy = -14.4036260356799186 Gradient Norm    1.9e-04 Gradient Max    1.5e-04
 Iter:   4 Current Energy = -14.4036260393594464 Gradient Norm    1.2e-04 Gradient Max    8.6e-05
 Iter:   5 Current Energy = -14.4036260413333608 Gradient Norm    2.9e-05 Gradient Max    2.2e-05
 Iter:   6 Current Energy = -14.4036260413550377 Gradient Norm    2.5e-05 Gradient Max    1.9e-05
 Iter:   7 Current Energy = -14.4036260413856105 Gradient Norm    1.5e-05 Gradient Max    1.0e-05
 Iter:   8 Current Energy = -14.4036260413959205 Gradient Norm    7.5e-06 Gradient Max    4.2e-06
 Iter:   9 Current Energy = -14.4036260414007966 Gradient Norm    4.1e-07 Gradient Max    3.1e-07
 Iter:  10 Current Energy = -14.4036260414008250 Gradient Norm    4.6e-08 Gradient Max    3.4e-08
 Iter:  11 Current Energy = -14.4036260414008250 Gradient Norm    5.4e-10 Gradient Max    3.5e-10
 Finished:     -14.403626041401
 -----------New ansatz----------- 
    #        Coeff               Term
    0   0.00350792      (3' 0  3' 1  ) : 0011 1100 0011 1100 
    1   0.00350792      (4' 0  4' 1  ) : 0011 1100 0011 1100 
    2   0.00350792      (2' 0  2' 1  ) : 0011 1100 0011 1100 
    3   0.09726632      (4' 1  4' 1  ) : 0011 1100 
    4   0.09547638      (3' 1  3' 1  ) : 0011 1100 
    5   0.09378176      (2' 1  2' 1  ) : 0011 1100 




 --------------------------------------------------------------------------
                         ADAPT-VQE iteration:  6
 --------------------------------------------------------------------------
 Check each new operator for coupling
 Measure Operator Pool Gradients:
 Variance:      0.00028887
 Uncertainty:   0.01699618
    0   0.00040656            (0' 1  ) : 00 00 11 11 
   11  -0.00040656      (1' 0  0' 0  ) : 0000 0000 1111 1111 
   26  -0.00040656      (1' 1  1' 0  ) : 0000 0000 1111 1111 
   33  -0.00013552      (2' 2  1' 0  ) : 0000 0000 1111 1111 
   41  -0.00013552      (3' 3  1' 0  ) : 0000 0000 1111 1111 
   50  -0.00013552      (4' 4  1' 0  ) : 0000 0000 1111 1111 
  131  -0.00009083      (0' 0  1' 0  ) : 0011 1100 0011 1100 
  145   0.01773350      (1' 0  1' 0  ) : 0011 1100 
  146  -0.00031573      (1' 0  1' 1  ) : 0011 1100 0011 1100 
  150  -0.00031573      (1' 1  1' 0  ) : 0011 1100 0011 1100 
  154  -0.00013552      (1' 0  2' 2  ) : 0011 1100 0011 1100 
  163  -0.00013552      (1' 0  3' 3  ) : 0011 1100 0011 1100 
  173  -0.00013552      (1' 0  4' 4  ) : 0011 1100 0011 1100 
  179  -0.03863213      (2' 0  2' 0  ) : 0011 1100 
  185  -0.00000180      (2' 1  2' 1  ) : 0011 1100 
  221  -0.03863212      (3' 0  3' 0  ) : 0011 1100 
  227  -0.00000180      (3' 1  3' 1  ) : 0011 1100 
  260  -0.03863213      (4' 0  4' 0  ) : 0011 1100 
  266  -0.00000180      (4' 1  4' 1  ) : 0011 1100 
 Norm of <[H,A]> =   0.06922871
 Max  of <[H,A]> =  -0.03863213
 Ansatz Growth Converged!
 Number of operators in ansatz:  6
 *Finished:     -14.403626041401
 -----------Final ansatz----------- 
    #        Coeff               Term
    0   0.00350792      (3' 0  3' 1  ) : 0011 1100 0011 1100 
    1   0.00350792      (4' 0  4' 1  ) : 0011 1100 0011 1100 
    2   0.00350792      (2' 0  2' 1  ) : 0011 1100 0011 1100 
    3   0.09726632      (4' 1  4' 1  ) : 0011 1100 
    4   0.09547638      (3' 1  3' 1  ) : 0011 1100 
    5   0.09378176      (2' 1  2' 1  ) : 0011 1100 
2.0 [2^ 4 3^ 5] +
-2.0 [5^ 3 4^ 2]
0.09378175982977846
 Final ADAPT-VQE energy: -14.40362604
 <S^2> of final state  :   0.00000000
